The system is: Linux - 5.10.16.3-microsoft-standard-WSL2 - x86_64
Compiling the C compiler identification source file "CMakeCCompilerId.c" succeeded.
Compiler: /usr/bin/cc 
Build flags: 
Id flags:  

The output was:
0


Compilation of the C compiler identification source "CMakeCCompilerId.c" produced "a.out"

The C compiler identification is GNU, found in "/mnt/d/ubuntu/5/sumokoin/build/release/CMakeFiles/3.16.3/CompilerIdC/a.out"

Compiling the CXX compiler identification source file "CMakeCXXCompilerId.cpp" succeeded.
Compiler: /usr/bin/c++ 
Build flags: 
Id flags:  

The output was:
0


Compilation of the CXX compiler identification source "CMakeCXXCompilerId.cpp" produced "a.out"

The CXX compiler identification is GNU, found in "/mnt/d/ubuntu/5/sumokoin/build/release/CMakeFiles/3.16.3/CompilerIdCXX/a.out"

Determining if the C compiler works passed with the following output:
Change Dir: /mnt/d/ubuntu/5/sumokoin/build/release/CMakeFiles/CMakeTmp

Run Build Command(s):/usr/bin/make cmTC_2f632/fast && make[1]: Entering directory '/mnt/d/ubuntu/5/sumokoin/build/release/CMakeFiles/CMakeTmp'
/usr/bin/make -f CMakeFiles/cmTC_2f632.dir/build.make CMakeFiles/cmTC_2f632.dir/build
make[2]: Entering directory '/mnt/d/ubuntu/5/sumokoin/build/release/CMakeFiles/CMakeTmp'
Building C object CMakeFiles/cmTC_2f632.dir/testCCompiler.c.o
/usr/bin/cc    -o CMakeFiles/cmTC_2f632.dir/testCCompiler.c.o   -c /mnt/d/ubuntu/5/sumokoin/build/release/CMakeFiles/CMakeTmp/testCCompiler.c
Linking C executable cmTC_2f632
/usr/bin/cmake -E cmake_link_script CMakeFiles/cmTC_2f632.dir/link.txt --verbose=1
/usr/bin/cc      -rdynamic CMakeFiles/cmTC_2f632.dir/testCCompiler.c.o  -o cmTC_2f632 
make[2]: Leaving directory '/mnt/d/ubuntu/5/sumokoin/build/release/CMakeFiles/CMakeTmp'
make[1]: Leaving directory '/mnt/d/ubuntu/5/sumokoin/build/release/CMakeFiles/CMakeTmp'



Detecting C compiler ABI info compiled with the following output:
Change Dir: /mnt/d/ubuntu/5/sumokoin/build/release/CMakeFiles/CMakeTmp

Run Build Command(s):/usr/bin/make cmTC_66697/fast && make[1]: Entering directory '/mnt/d/ubuntu/5/sumokoin/build/release/CMakeFiles/CMakeTmp'
/usr/bin/make -f CMakeFiles/cmTC_66697.dir/build.make CMakeFiles/cmTC_66697.dir/build
make[2]: Entering directory '/mnt/d/ubuntu/5/sumokoin/build/release/CMakeFiles/CMakeTmp'
Building C object CMakeFiles/cmTC_66697.dir/CMakeCCompilerABI.c.o
/usr/bin/cc   -v -o CMakeFiles/cmTC_66697.dir/CMakeCCompilerABI.c.o   -c /usr/share/cmake-3.16/Modules/CMakeCCompilerABI.c
Using built-in specs.
COLLECT_GCC=/usr/bin/cc
OFFLOAD_TARGET_NAMES=nvptx-none:hsa
OFFLOAD_TARGET_DEFAULT=1
Target: x86_64-linux-gnu
Configured with: ../src/configure -v --with-pkgversion='Ubuntu 9.3.0-17ubuntu1~20.04' --with-bugurl=file:///usr/share/doc/gcc-9/README.Bugs --enable-languages=c,ada,c++,go,brig,d,fortran,objc,obj-c++,gm2 --prefix=/usr --with-gcc-major-version-only --program-suffix=-9 --program-prefix=x86_64-linux-gnu- --enable-shared --enable-linker-build-id --libexecdir=/usr/lib --without-included-gettext --enable-threads=posix --libdir=/usr/lib --enable-nls --enable-clocale=gnu --enable-libstdcxx-debug --enable-libstdcxx-time=yes --with-default-libstdcxx-abi=new --enable-gnu-unique-object --disable-vtable-verify --enable-plugin --enable-default-pie --with-system-zlib --with-target-system-zlib=auto --enable-objc-gc=auto --enable-multiarch --disable-werror --with-arch-32=i686 --with-abi=m64 --with-multilib-list=m32,m64,mx32 --enable-multilib --with-tune=generic --enable-offload-targets=nvptx-none=/build/gcc-9-HskZEa/gcc-9-9.3.0/debian/tmp-nvptx/usr,hsa --without-cuda-driver --enable-checking=release --build=x86_64-linux-gnu --host=x86_64-linux-gnu --target=x86_64-linux-gnu
Thread model: posix
gcc version 9.3.0 (Ubuntu 9.3.0-17ubuntu1~20.04) 
COLLECT_GCC_OPTIONS='-v' '-o' 'CMakeFiles/cmTC_66697.dir/CMakeCCompilerABI.c.o' '-c' '-mtune=generic' '-march=x86-64'
 /usr/lib/gcc/x86_64-linux-gnu/9/cc1 -quiet -v -imultiarch x86_64-linux-gnu /usr/share/cmake-3.16/Modules/CMakeCCompilerABI.c -quiet -dumpbase CMakeCCompilerABI.c -mtune=generic -march=x86-64 -auxbase-strip CMakeFiles/cmTC_66697.dir/CMakeCCompilerABI.c.o -version -fasynchronous-unwind-tables -fstack-protector-strong -Wformat -Wformat-security -fstack-clash-protection -fcf-protection -o /tmp/ccgb2clh.s
GNU C17 (Ubuntu 9.3.0-17ubuntu1~20.04) version 9.3.0 (x86_64-linux-gnu)
	compiled by GNU C version 9.3.0, GMP version 6.2.0, MPFR version 4.0.2, MPC version 1.1.0, isl version isl-0.22.1-GMP

GGC heuristics: --param ggc-min-expand=100 --param ggc-min-heapsize=131072
ignoring nonexistent directory "/usr/local/include/x86_64-linux-gnu"
ignoring nonexistent directory "/usr/lib/gcc/x86_64-linux-gnu/9/include-fixed"
ignoring nonexistent directory "/usr/lib/gcc/x86_64-linux-gnu/9/../../../../x86_64-linux-gnu/include"
#include "..." search starts here:
#include <...> search starts here:
 /usr/lib/gcc/x86_64-linux-gnu/9/include
 /usr/local/include
 /usr/include/x86_64-linux-gnu
 /usr/include
End of search list.
GNU C17 (Ubuntu 9.3.0-17ubuntu1~20.04) version 9.3.0 (x86_64-linux-gnu)
	compiled by GNU C version 9.3.0, GMP version 6.2.0, MPFR version 4.0.2, MPC version 1.1.0, isl version isl-0.22.1-GMP

GGC heuristics: --param ggc-min-expand=100 --param ggc-min-heapsize=131072
Compiler executable checksum: bbf13931d8de1abe14040c9909cb6969
COLLECT_GCC_OPTIONS='-v' '-o' 'CMakeFiles/cmTC_66697.dir/CMakeCCompilerABI.c.o' '-c' '-mtune=generic' '-march=x86-64'
 as -v --64 -o CMakeFiles/cmTC_66697.dir/CMakeCCompilerABI.c.o /tmp/ccgb2clh.s
GNU assembler version 2.34 (x86_64-linux-gnu) using BFD version (GNU Binutils for Ubuntu) 2.34
COMPILER_PATH=/usr/lib/gcc/x86_64-linux-gnu/9/:/usr/lib/gcc/x86_64-linux-gnu/9/:/usr/lib/gcc/x86_64-linux-gnu/:/usr/lib/gcc/x86_64-linux-gnu/9/:/usr/lib/gcc/x86_64-linux-gnu/
LIBRARY_PATH=/usr/lib/gcc/x86_64-linux-gnu/9/:/usr/lib/gcc/x86_64-linux-gnu/9/../../../x86_64-linux-gnu/:/usr/lib/gcc/x86_64-linux-gnu/9/../../../../lib/:/lib/x86_64-linux-gnu/:/lib/../lib/:/usr/lib/x86_64-linux-gnu/:/usr/lib/../lib/:/usr/lib/gcc/x86_64-linux-gnu/9/../../../:/lib/:/usr/lib/
COLLECT_GCC_OPTIONS='-v' '-o' 'CMakeFiles/cmTC_66697.dir/CMakeCCompilerABI.c.o' '-c' '-mtune=generic' '-march=x86-64'
Linking C executable cmTC_66697
/usr/bin/cmake -E cmake_link_script CMakeFiles/cmTC_66697.dir/link.txt --verbose=1
/usr/bin/cc     -v -rdynamic CMakeFiles/cmTC_66697.dir/CMakeCCompilerABI.c.o  -o cmTC_66697 
Using built-in specs.
COLLECT_GCC=/usr/bin/cc
COLLECT_LTO_WRAPPER=/usr/lib/gcc/x86_64-linux-gnu/9/lto-wrapper
OFFLOAD_TARGET_NAMES=nvptx-none:hsa
OFFLOAD_TARGET_DEFAULT=1
Target: x86_64-linux-gnu
Configured with: ../src/configure -v --with-pkgversion='Ubuntu 9.3.0-17ubuntu1~20.04' --with-bugurl=file:///usr/share/doc/gcc-9/README.Bugs --enable-languages=c,ada,c++,go,brig,d,fortran,objc,obj-c++,gm2 --prefix=/usr --with-gcc-major-version-only --program-suffix=-9 --program-prefix=x86_64-linux-gnu- --enable-shared --enable-linker-build-id --libexecdir=/usr/lib --without-included-gettext --enable-threads=posix --libdir=/usr/lib --enable-nls --enable-clocale=gnu --enable-libstdcxx-debug --enable-libstdcxx-time=yes --with-default-libstdcxx-abi=new --enable-gnu-unique-object --disable-vtable-verify --enable-plugin --enable-default-pie --with-system-zlib --with-target-system-zlib=auto --enable-objc-gc=auto --enable-multiarch --disable-werror --with-arch-32=i686 --with-abi=m64 --with-multilib-list=m32,m64,mx32 --enable-multilib --with-tune=generic --enable-offload-targets=nvptx-none=/build/gcc-9-HskZEa/gcc-9-9.3.0/debian/tmp-nvptx/usr,hsa --without-cuda-driver --enable-checking=release --build=x86_64-linux-gnu --host=x86_64-linux-gnu --target=x86_64-linux-gnu
Thread model: posix
gcc version 9.3.0 (Ubuntu 9.3.0-17ubuntu1~20.04) 
COMPILER_PATH=/usr/lib/gcc/x86_64-linux-gnu/9/:/usr/lib/gcc/x86_64-linux-gnu/9/:/usr/lib/gcc/x86_64-linux-gnu/:/usr/lib/gcc/x86_64-linux-gnu/9/:/usr/lib/gcc/x86_64-linux-gnu/
LIBRARY_PATH=/usr/lib/gcc/x86_64-linux-gnu/9/:/usr/lib/gcc/x86_64-linux-gnu/9/../../../x86_64-linux-gnu/:/usr/lib/gcc/x86_64-linux-gnu/9/../../../../lib/:/lib/x86_64-linux-gnu/:/lib/../lib/:/usr/lib/x86_64-linux-gnu/:/usr/lib/../lib/:/usr/lib/gcc/x86_64-linux-gnu/9/../../../:/lib/:/usr/lib/
COLLECT_GCC_OPTIONS='-v' '-rdynamic' '-o' 'cmTC_66697' '-mtune=generic' '-march=x86-64'
 /usr/lib/gcc/x86_64-linux-gnu/9/collect2 -plugin /usr/lib/gcc/x86_64-linux-gnu/9/liblto_plugin.so -plugin-opt=/usr/lib/gcc/x86_64-linux-gnu/9/lto-wrapper -plugin-opt=-fresolution=/tmp/ccvxPSUH.res -plugin-opt=-pass-through=-lgcc -plugin-opt=-pass-through=-lgcc_s -plugin-opt=-pass-through=-lc -plugin-opt=-pass-through=-lgcc -plugin-opt=-pass-through=-lgcc_s --build-id --eh-frame-hdr -m elf_x86_64 --hash-style=gnu --as-needed -export-dynamic -dynamic-linker /lib64/ld-linux-x86-64.so.2 -pie -z now -z relro -o cmTC_66697 /usr/lib/gcc/x86_64-linux-gnu/9/../../../x86_64-linux-gnu/Scrt1.o /usr/lib/gcc/x86_64-linux-gnu/9/../../../x86_64-linux-gnu/crti.o /usr/lib/gcc/x86_64-linux-gnu/9/crtbeginS.o -L/usr/lib/gcc/x86_64-linux-gnu/9 -L/usr/lib/gcc/x86_64-linux-gnu/9/../../../x86_64-linux-gnu -L/usr/lib/gcc/x86_64-linux-gnu/9/../../../../lib -L/lib/x86_64-linux-gnu -L/lib/../lib -L/usr/lib/x86_64-linux-gnu -L/usr/lib/../lib -L/usr/lib/gcc/x86_64-linux-gnu/9/../../.. CMakeFiles/cmTC_66697.dir/CMakeCCompilerABI.c.o -lgcc --push-state --as-needed -lgcc_s --pop-state -lc -lgcc --push-state --as-needed -lgcc_s --pop-state /usr/lib/gcc/x86_64-linux-gnu/9/crtendS.o /usr/lib/gcc/x86_64-linux-gnu/9/../../../x86_64-linux-gnu/crtn.o
COLLECT_GCC_OPTIONS='-v' '-rdynamic' '-o' 'cmTC_66697' '-mtune=generic' '-march=x86-64'
make[2]: Leaving directory '/mnt/d/ubuntu/5/sumokoin/build/release/CMakeFiles/CMakeTmp'
make[1]: Leaving directory '/mnt/d/ubuntu/5/sumokoin/build/release/CMakeFiles/CMakeTmp'



Parsed C implicit include dir info from above output: rv=done
  found start of include info
  found start of implicit include info
    add: [/usr/lib/gcc/x86_64-linux-gnu/9/include]
    add: [/usr/local/include]
    add: [/usr/include/x86_64-linux-gnu]
    add: [/usr/include]
  end of search list found
  collapse include dir [/usr/lib/gcc/x86_64-linux-gnu/9/include] ==> [/usr/lib/gcc/x86_64-linux-gnu/9/include]
  collapse include dir [/usr/local/include] ==> [/usr/local/include]
  collapse include dir [/usr/include/x86_64-linux-gnu] ==> [/usr/include/x86_64-linux-gnu]
  collapse include dir [/usr/include] ==> [/usr/include]
  implicit include dirs: [/usr/lib/gcc/x86_64-linux-gnu/9/include;/usr/local/include;/usr/include/x86_64-linux-gnu;/usr/include]


Parsed C implicit link information from above output:
  link line regex: [^( *|.*[/\])(ld|CMAKE_LINK_STARTFILE-NOTFOUND|([^/\]+-)?ld|collect2)[^/\]*( |$)]
  ignore line: [Change Dir: /mnt/d/ubuntu/5/sumokoin/build/release/CMakeFiles/CMakeTmp]
  ignore line: []
  ignore line: [Run Build Command(s):/usr/bin/make cmTC_66697/fast && make[1]: Entering directory '/mnt/d/ubuntu/5/sumokoin/build/release/CMakeFiles/CMakeTmp']
  ignore line: [/usr/bin/make -f CMakeFiles/cmTC_66697.dir/build.make CMakeFiles/cmTC_66697.dir/build]
  ignore line: [make[2]: Entering directory '/mnt/d/ubuntu/5/sumokoin/build/release/CMakeFiles/CMakeTmp']
  ignore line: [Building C object CMakeFiles/cmTC_66697.dir/CMakeCCompilerABI.c.o]
  ignore line: [/usr/bin/cc   -v -o CMakeFiles/cmTC_66697.dir/CMakeCCompilerABI.c.o   -c /usr/share/cmake-3.16/Modules/CMakeCCompilerABI.c]
  ignore line: [Using built-in specs.]
  ignore line: [COLLECT_GCC=/usr/bin/cc]
  ignore line: [OFFLOAD_TARGET_NAMES=nvptx-none:hsa]
  ignore line: [OFFLOAD_TARGET_DEFAULT=1]
  ignore line: [Target: x86_64-linux-gnu]
  ignore line: [Configured with: ../src/configure -v --with-pkgversion='Ubuntu 9.3.0-17ubuntu1~20.04' --with-bugurl=file:///usr/share/doc/gcc-9/README.Bugs --enable-languages=c ada c++ go brig d fortran objc obj-c++ gm2 --prefix=/usr --with-gcc-major-version-only --program-suffix=-9 --program-prefix=x86_64-linux-gnu- --enable-shared --enable-linker-build-id --libexecdir=/usr/lib --without-included-gettext --enable-threads=posix --libdir=/usr/lib --enable-nls --enable-clocale=gnu --enable-libstdcxx-debug --enable-libstdcxx-time=yes --with-default-libstdcxx-abi=new --enable-gnu-unique-object --disable-vtable-verify --enable-plugin --enable-default-pie --with-system-zlib --with-target-system-zlib=auto --enable-objc-gc=auto --enable-multiarch --disable-werror --with-arch-32=i686 --with-abi=m64 --with-multilib-list=m32 m64 mx32 --enable-multilib --with-tune=generic --enable-offload-targets=nvptx-none=/build/gcc-9-HskZEa/gcc-9-9.3.0/debian/tmp-nvptx/usr hsa --without-cuda-driver --enable-checking=release --build=x86_64-linux-gnu --host=x86_64-linux-gnu --target=x86_64-linux-gnu]
  ignore line: [Thread model: posix]
  ignore line: [gcc version 9.3.0 (Ubuntu 9.3.0-17ubuntu1~20.04) ]
  ignore line: [COLLECT_GCC_OPTIONS='-v' '-o' 'CMakeFiles/cmTC_66697.dir/CMakeCCompilerABI.c.o' '-c' '-mtune=generic' '-march=x86-64']
  ignore line: [ /usr/lib/gcc/x86_64-linux-gnu/9/cc1 -quiet -v -imultiarch x86_64-linux-gnu /usr/share/cmake-3.16/Modules/CMakeCCompilerABI.c -quiet -dumpbase CMakeCCompilerABI.c -mtune=generic -march=x86-64 -auxbase-strip CMakeFiles/cmTC_66697.dir/CMakeCCompilerABI.c.o -version -fasynchronous-unwind-tables -fstack-protector-strong -Wformat -Wformat-security -fstack-clash-protection -fcf-protection -o /tmp/ccgb2clh.s]
  ignore line: [GNU C17 (Ubuntu 9.3.0-17ubuntu1~20.04) version 9.3.0 (x86_64-linux-gnu)]
  ignore line: [	compiled by GNU C version 9.3.0  GMP version 6.2.0  MPFR version 4.0.2  MPC version 1.1.0  isl version isl-0.22.1-GMP]
  ignore line: []
  ignore line: [GGC heuristics: --param ggc-min-expand=100 --param ggc-min-heapsize=131072]
  ignore line: [ignoring nonexistent directory "/usr/local/include/x86_64-linux-gnu"]
  ignore line: [ignoring nonexistent directory "/usr/lib/gcc/x86_64-linux-gnu/9/include-fixed"]
  ignore line: [ignoring nonexistent directory "/usr/lib/gcc/x86_64-linux-gnu/9/../../../../x86_64-linux-gnu/include"]
  ignore line: [#include "..." search starts here:]
  ignore line: [#include <...> search starts here:]
  ignore line: [ /usr/lib/gcc/x86_64-linux-gnu/9/include]
  ignore line: [ /usr/local/include]
  ignore line: [ /usr/include/x86_64-linux-gnu]
  ignore line: [ /usr/include]
  ignore line: [End of search list.]
  ignore line: [GNU C17 (Ubuntu 9.3.0-17ubuntu1~20.04) version 9.3.0 (x86_64-linux-gnu)]
  ignore line: [	compiled by GNU C version 9.3.0  GMP version 6.2.0  MPFR version 4.0.2  MPC version 1.1.0  isl version isl-0.22.1-GMP]
  ignore line: []
  ignore line: [GGC heuristics: --param ggc-min-expand=100 --param ggc-min-heapsize=131072]
  ignore line: [Compiler executable checksum: bbf13931d8de1abe14040c9909cb6969]
  ignore line: [COLLECT_GCC_OPTIONS='-v' '-o' 'CMakeFiles/cmTC_66697.dir/CMakeCCompilerABI.c.o' '-c' '-mtune=generic' '-march=x86-64']
  ignore line: [ as -v --64 -o CMakeFiles/cmTC_66697.dir/CMakeCCompilerABI.c.o /tmp/ccgb2clh.s]
  ignore line: [GNU assembler version 2.34 (x86_64-linux-gnu) using BFD version (GNU Binutils for Ubuntu) 2.34]
  ignore line: [COMPILER_PATH=/usr/lib/gcc/x86_64-linux-gnu/9/:/usr/lib/gcc/x86_64-linux-gnu/9/:/usr/lib/gcc/x86_64-linux-gnu/:/usr/lib/gcc/x86_64-linux-gnu/9/:/usr/lib/gcc/x86_64-linux-gnu/]
  ignore line: [LIBRARY_PATH=/usr/lib/gcc/x86_64-linux-gnu/9/:/usr/lib/gcc/x86_64-linux-gnu/9/../../../x86_64-linux-gnu/:/usr/lib/gcc/x86_64-linux-gnu/9/../../../../lib/:/lib/x86_64-linux-gnu/:/lib/../lib/:/usr/lib/x86_64-linux-gnu/:/usr/lib/../lib/:/usr/lib/gcc/x86_64-linux-gnu/9/../../../:/lib/:/usr/lib/]
  ignore line: [COLLECT_GCC_OPTIONS='-v' '-o' 'CMakeFiles/cmTC_66697.dir/CMakeCCompilerABI.c.o' '-c' '-mtune=generic' '-march=x86-64']
  ignore line: [Linking C executable cmTC_66697]
  ignore line: [/usr/bin/cmake -E cmake_link_script CMakeFiles/cmTC_66697.dir/link.txt --verbose=1]
  ignore line: [/usr/bin/cc     -v -rdynamic CMakeFiles/cmTC_66697.dir/CMakeCCompilerABI.c.o  -o cmTC_66697 ]
  ignore line: [Using built-in specs.]
  ignore line: [COLLECT_GCC=/usr/bin/cc]
  ignore line: [COLLECT_LTO_WRAPPER=/usr/lib/gcc/x86_64-linux-gnu/9/lto-wrapper]
  ignore line: [OFFLOAD_TARGET_NAMES=nvptx-none:hsa]
  ignore line: [OFFLOAD_TARGET_DEFAULT=1]
  ignore line: [Target: x86_64-linux-gnu]
  ignore line: [Configured with: ../src/configure -v --with-pkgversion='Ubuntu 9.3.0-17ubuntu1~20.04' --with-bugurl=file:///usr/share/doc/gcc-9/README.Bugs --enable-languages=c ada c++ go brig d fortran objc obj-c++ gm2 --prefix=/usr --with-gcc-major-version-only --program-suffix=-9 --program-prefix=x86_64-linux-gnu- --enable-shared --enable-linker-build-id --libexecdir=/usr/lib --without-included-gettext --enable-threads=posix --libdir=/usr/lib --enable-nls --enable-clocale=gnu --enable-libstdcxx-debug --enable-libstdcxx-time=yes --with-default-libstdcxx-abi=new --enable-gnu-unique-object --disable-vtable-verify --enable-plugin --enable-default-pie --with-system-zlib --with-target-system-zlib=auto --enable-objc-gc=auto --enable-multiarch --disable-werror --with-arch-32=i686 --with-abi=m64 --with-multilib-list=m32 m64 mx32 --enable-multilib --with-tune=generic --enable-offload-targets=nvptx-none=/build/gcc-9-HskZEa/gcc-9-9.3.0/debian/tmp-nvptx/usr hsa --without-cuda-driver --enable-checking=release --build=x86_64-linux-gnu --host=x86_64-linux-gnu --target=x86_64-linux-gnu]
  ignore line: [Thread model: posix]
  ignore line: [gcc version 9.3.0 (Ubuntu 9.3.0-17ubuntu1~20.04) ]
  ignore line: [COMPILER_PATH=/usr/lib/gcc/x86_64-linux-gnu/9/:/usr/lib/gcc/x86_64-linux-gnu/9/:/usr/lib/gcc/x86_64-linux-gnu/:/usr/lib/gcc/x86_64-linux-gnu/9/:/usr/lib/gcc/x86_64-linux-gnu/]
  ignore line: [LIBRARY_PATH=/usr/lib/gcc/x86_64-linux-gnu/9/:/usr/lib/gcc/x86_64-linux-gnu/9/../../../x86_64-linux-gnu/:/usr/lib/gcc/x86_64-linux-gnu/9/../../../../lib/:/lib/x86_64-linux-gnu/:/lib/../lib/:/usr/lib/x86_64-linux-gnu/:/usr/lib/../lib/:/usr/lib/gcc/x86_64-linux-gnu/9/../../../:/lib/:/usr/lib/]
  ignore line: [COLLECT_GCC_OPTIONS='-v' '-rdynamic' '-o' 'cmTC_66697' '-mtune=generic' '-march=x86-64']
  link line: [ /usr/lib/gcc/x86_64-linux-gnu/9/collect2 -plugin /usr/lib/gcc/x86_64-linux-gnu/9/liblto_plugin.so -plugin-opt=/usr/lib/gcc/x86_64-linux-gnu/9/lto-wrapper -plugin-opt=-fresolution=/tmp/ccvxPSUH.res -plugin-opt=-pass-through=-lgcc -plugin-opt=-pass-through=-lgcc_s -plugin-opt=-pass-through=-lc -plugin-opt=-pass-through=-lgcc -plugin-opt=-pass-through=-lgcc_s --build-id --eh-frame-hdr -m elf_x86_64 --hash-style=gnu --as-needed -export-dynamic -dynamic-linker /lib64/ld-linux-x86-64.so.2 -pie -z now -z relro -o cmTC_66697 /usr/lib/gcc/x86_64-linux-gnu/9/../../../x86_64-linux-gnu/Scrt1.o /usr/lib/gcc/x86_64-linux-gnu/9/../../../x86_64-linux-gnu/crti.o /usr/lib/gcc/x86_64-linux-gnu/9/crtbeginS.o -L/usr/lib/gcc/x86_64-linux-gnu/9 -L/usr/lib/gcc/x86_64-linux-gnu/9/../../../x86_64-linux-gnu -L/usr/lib/gcc/x86_64-linux-gnu/9/../../../../lib -L/lib/x86_64-linux-gnu -L/lib/../lib -L/usr/lib/x86_64-linux-gnu -L/usr/lib/../lib -L/usr/lib/gcc/x86_64-linux-gnu/9/../../.. CMakeFiles/cmTC_66697.dir/CMakeCCompilerABI.c.o -lgcc --push-state --as-needed -lgcc_s --pop-state -lc -lgcc --push-state --as-needed -lgcc_s --pop-state /usr/lib/gcc/x86_64-linux-gnu/9/crtendS.o /usr/lib/gcc/x86_64-linux-gnu/9/../../../x86_64-linux-gnu/crtn.o]
    arg [/usr/lib/gcc/x86_64-linux-gnu/9/collect2] ==> ignore
    arg [-plugin] ==> ignore
    arg [/usr/lib/gcc/x86_64-linux-gnu/9/liblto_plugin.so] ==> ignore
    arg [-plugin-opt=/usr/lib/gcc/x86_64-linux-gnu/9/lto-wrapper] ==> ignore
    arg [-plugin-opt=-fresolution=/tmp/ccvxPSUH.res] ==> ignore
    arg [-plugin-opt=-pass-through=-lgcc] ==> ignore
    arg [-plugin-opt=-pass-through=-lgcc_s] ==> ignore
    arg [-plugin-opt=-pass-through=-lc] ==> ignore
    arg [-plugin-opt=-pass-through=-lgcc] ==> ignore
    arg [-plugin-opt=-pass-through=-lgcc_s] ==> ignore
    arg [--build-id] ==> ignore
    arg [--eh-frame-hdr] ==> ignore
    arg [-m] ==> ignore
    arg [elf_x86_64] ==> ignore
    arg [--hash-style=gnu] ==> ignore
    arg [--as-needed] ==> ignore
    arg [-export-dynamic] ==> ignore
    arg [-dynamic-linker] ==> ignore
    arg [/lib64/ld-linux-x86-64.so.2] ==> ignore
    arg [-pie] ==> ignore
    arg [-znow] ==> ignore
    arg [-zrelro] ==> ignore
    arg [-o] ==> ignore
    arg [cmTC_66697] ==> ignore
    arg [/usr/lib/gcc/x86_64-linux-gnu/9/../../../x86_64-linux-gnu/Scrt1.o] ==> ignore
    arg [/usr/lib/gcc/x86_64-linux-gnu/9/../../../x86_64-linux-gnu/crti.o] ==> ignore
    arg [/usr/lib/gcc/x86_64-linux-gnu/9/crtbeginS.o] ==> ignore
    arg [-L/usr/lib/gcc/x86_64-linux-gnu/9] ==> dir [/usr/lib/gcc/x86_64-linux-gnu/9]
    arg [-L/usr/lib/gcc/x86_64-linux-gnu/9/../../../x86_64-linux-gnu] ==> dir [/usr/lib/gcc/x86_64-linux-gnu/9/../../../x86_64-linux-gnu]
    arg [-L/usr/lib/gcc/x86_64-linux-gnu/9/../../../../lib] ==> dir [/usr/lib/gcc/x86_64-linux-gnu/9/../../../../lib]
    arg [-L/lib/x86_64-linux-gnu] ==> dir [/lib/x86_64-linux-gnu]
    arg [-L/lib/../lib] ==> dir [/lib/../lib]
    arg [-L/usr/lib/x86_64-linux-gnu] ==> dir [/usr/lib/x86_64-linux-gnu]
    arg [-L/usr/lib/../lib] ==> dir [/usr/lib/../lib]
    arg [-L/usr/lib/gcc/x86_64-linux-gnu/9/../../..] ==> dir [/usr/lib/gcc/x86_64-linux-gnu/9/../../..]
    arg [CMakeFiles/cmTC_66697.dir/CMakeCCompilerABI.c.o] ==> ignore
    arg [-lgcc] ==> lib [gcc]
    arg [--push-state] ==> ignore
    arg [--as-needed] ==> ignore
    arg [-lgcc_s] ==> lib [gcc_s]
    arg [--pop-state] ==> ignore
    arg [-lc] ==> lib [c]
    arg [-lgcc] ==> lib [gcc]
    arg [--push-state] ==> ignore
    arg [--as-needed] ==> ignore
    arg [-lgcc_s] ==> lib [gcc_s]
    arg [--pop-state] ==> ignore
    arg [/usr/lib/gcc/x86_64-linux-gnu/9/crtendS.o] ==> ignore
    arg [/usr/lib/gcc/x86_64-linux-gnu/9/../../../x86_64-linux-gnu/crtn.o] ==> ignore
  collapse library dir [/usr/lib/gcc/x86_64-linux-gnu/9] ==> [/usr/lib/gcc/x86_64-linux-gnu/9]
  collapse library dir [/usr/lib/gcc/x86_64-linux-gnu/9/../../../x86_64-linux-gnu] ==> [/usr/lib/x86_64-linux-gnu]
  collapse library dir [/usr/lib/gcc/x86_64-linux-gnu/9/../../../../lib] ==> [/usr/lib]
  collapse library dir [/lib/x86_64-linux-gnu] ==> [/lib/x86_64-linux-gnu]
  collapse library dir [/lib/../lib] ==> [/lib]
  collapse library dir [/usr/lib/x86_64-linux-gnu] ==> [/usr/lib/x86_64-linux-gnu]
  collapse library dir [/usr/lib/../lib] ==> [/usr/lib]
  collapse library dir [/usr/lib/gcc/x86_64-linux-gnu/9/../../..] ==> [/usr/lib]
  implicit libs: [gcc;gcc_s;c;gcc;gcc_s]
  implicit dirs: [/usr/lib/gcc/x86_64-linux-gnu/9;/usr/lib/x86_64-linux-gnu;/usr/lib;/lib/x86_64-linux-gnu;/lib]
  implicit fwks: []


Determining if the CXX compiler works passed with the following output:
Change Dir: /mnt/d/ubuntu/5/sumokoin/build/release/CMakeFiles/CMakeTmp

Run Build Command(s):/usr/bin/make cmTC_fa10b/fast && make[1]: Entering directory '/mnt/d/ubuntu/5/sumokoin/build/release/CMakeFiles/CMakeTmp'
/usr/bin/make -f CMakeFiles/cmTC_fa10b.dir/build.make CMakeFiles/cmTC_fa10b.dir/build
make[2]: Entering directory '/mnt/d/ubuntu/5/sumokoin/build/release/CMakeFiles/CMakeTmp'
Building CXX object CMakeFiles/cmTC_fa10b.dir/testCXXCompiler.cxx.o
/usr/bin/c++     -o CMakeFiles/cmTC_fa10b.dir/testCXXCompiler.cxx.o -c /mnt/d/ubuntu/5/sumokoin/build/release/CMakeFiles/CMakeTmp/testCXXCompiler.cxx
Linking CXX executable cmTC_fa10b
/usr/bin/cmake -E cmake_link_script CMakeFiles/cmTC_fa10b.dir/link.txt --verbose=1
/usr/bin/c++       -rdynamic CMakeFiles/cmTC_fa10b.dir/testCXXCompiler.cxx.o  -o cmTC_fa10b 
make[2]: Leaving directory '/mnt/d/ubuntu/5/sumokoin/build/release/CMakeFiles/CMakeTmp'
make[1]: Leaving directory '/mnt/d/ubuntu/5/sumokoin/build/release/CMakeFiles/CMakeTmp'



Detecting CXX compiler ABI info compiled with the following output:
Change Dir: /mnt/d/ubuntu/5/sumokoin/build/release/CMakeFiles/CMakeTmp

Run Build Command(s):/usr/bin/make cmTC_d5a0a/fast && make[1]: Entering directory '/mnt/d/ubuntu/5/sumokoin/build/release/CMakeFiles/CMakeTmp'
/usr/bin/make -f CMakeFiles/cmTC_d5a0a.dir/build.make CMakeFiles/cmTC_d5a0a.dir/build
make[2]: Entering directory '/mnt/d/ubuntu/5/sumokoin/build/release/CMakeFiles/CMakeTmp'
Building CXX object CMakeFiles/cmTC_d5a0a.dir/CMakeCXXCompilerABI.cpp.o
/usr/bin/c++    -v -o CMakeFiles/cmTC_d5a0a.dir/CMakeCXXCompilerABI.cpp.o -c /usr/share/cmake-3.16/Modules/CMakeCXXCompilerABI.cpp
Using built-in specs.
COLLECT_GCC=/usr/bin/c++
OFFLOAD_TARGET_NAMES=nvptx-none:hsa
OFFLOAD_TARGET_DEFAULT=1
Target: x86_64-linux-gnu
Configured with: ../src/configure -v --with-pkgversion='Ubuntu 9.3.0-17ubuntu1~20.04' --with-bugurl=file:///usr/share/doc/gcc-9/README.Bugs --enable-languages=c,ada,c++,go,brig,d,fortran,objc,obj-c++,gm2 --prefix=/usr --with-gcc-major-version-only --program-suffix=-9 --program-prefix=x86_64-linux-gnu- --enable-shared --enable-linker-build-id --libexecdir=/usr/lib --without-included-gettext --enable-threads=posix --libdir=/usr/lib --enable-nls --enable-clocale=gnu --enable-libstdcxx-debug --enable-libstdcxx-time=yes --with-default-libstdcxx-abi=new --enable-gnu-unique-object --disable-vtable-verify --enable-plugin --enable-default-pie --with-system-zlib --with-target-system-zlib=auto --enable-objc-gc=auto --enable-multiarch --disable-werror --with-arch-32=i686 --with-abi=m64 --with-multilib-list=m32,m64,mx32 --enable-multilib --with-tune=generic --enable-offload-targets=nvptx-none=/build/gcc-9-HskZEa/gcc-9-9.3.0/debian/tmp-nvptx/usr,hsa --without-cuda-driver --enable-checking=release --build=x86_64-linux-gnu --host=x86_64-linux-gnu --target=x86_64-linux-gnu
Thread model: posix
gcc version 9.3.0 (Ubuntu 9.3.0-17ubuntu1~20.04) 
COLLECT_GCC_OPTIONS='-v' '-o' 'CMakeFiles/cmTC_d5a0a.dir/CMakeCXXCompilerABI.cpp.o' '-c' '-shared-libgcc' '-mtune=generic' '-march=x86-64'
 /usr/lib/gcc/x86_64-linux-gnu/9/cc1plus -quiet -v -imultiarch x86_64-linux-gnu -D_GNU_SOURCE /usr/share/cmake-3.16/Modules/CMakeCXXCompilerABI.cpp -quiet -dumpbase CMakeCXXCompilerABI.cpp -mtune=generic -march=x86-64 -auxbase-strip CMakeFiles/cmTC_d5a0a.dir/CMakeCXXCompilerABI.cpp.o -version -fasynchronous-unwind-tables -fstack-protector-strong -Wformat -Wformat-security -fstack-clash-protection -fcf-protection -o /tmp/ccCckWog.s
GNU C++14 (Ubuntu 9.3.0-17ubuntu1~20.04) version 9.3.0 (x86_64-linux-gnu)
	compiled by GNU C version 9.3.0, GMP version 6.2.0, MPFR version 4.0.2, MPC version 1.1.0, isl version isl-0.22.1-GMP

GGC heuristics: --param ggc-min-expand=100 --param ggc-min-heapsize=131072
ignoring duplicate directory "/usr/include/x86_64-linux-gnu/c++/9"
ignoring nonexistent directory "/usr/local/include/x86_64-linux-gnu"
ignoring nonexistent directory "/usr/lib/gcc/x86_64-linux-gnu/9/include-fixed"
ignoring nonexistent directory "/usr/lib/gcc/x86_64-linux-gnu/9/../../../../x86_64-linux-gnu/include"
#include "..." search starts here:
#include <...> search starts here:
 /usr/include/c++/9
 /usr/include/x86_64-linux-gnu/c++/9
 /usr/include/c++/9/backward
 /usr/lib/gcc/x86_64-linux-gnu/9/include
 /usr/local/include
 /usr/include/x86_64-linux-gnu
 /usr/include
End of search list.
GNU C++14 (Ubuntu 9.3.0-17ubuntu1~20.04) version 9.3.0 (x86_64-linux-gnu)
	compiled by GNU C version 9.3.0, GMP version 6.2.0, MPFR version 4.0.2, MPC version 1.1.0, isl version isl-0.22.1-GMP

GGC heuristics: --param ggc-min-expand=100 --param ggc-min-heapsize=131072
Compiler executable checksum: 466f818abe2f30ba03783f22bd12d815
COLLECT_GCC_OPTIONS='-v' '-o' 'CMakeFiles/cmTC_d5a0a.dir/CMakeCXXCompilerABI.cpp.o' '-c' '-shared-libgcc' '-mtune=generic' '-march=x86-64'
 as -v --64 -o CMakeFiles/cmTC_d5a0a.dir/CMakeCXXCompilerABI.cpp.o /tmp/ccCckWog.s
GNU assembler version 2.34 (x86_64-linux-gnu) using BFD version (GNU Binutils for Ubuntu) 2.34
COMPILER_PATH=/usr/lib/gcc/x86_64-linux-gnu/9/:/usr/lib/gcc/x86_64-linux-gnu/9/:/usr/lib/gcc/x86_64-linux-gnu/:/usr/lib/gcc/x86_64-linux-gnu/9/:/usr/lib/gcc/x86_64-linux-gnu/
LIBRARY_PATH=/usr/lib/gcc/x86_64-linux-gnu/9/:/usr/lib/gcc/x86_64-linux-gnu/9/../../../x86_64-linux-gnu/:/usr/lib/gcc/x86_64-linux-gnu/9/../../../../lib/:/lib/x86_64-linux-gnu/:/lib/../lib/:/usr/lib/x86_64-linux-gnu/:/usr/lib/../lib/:/usr/lib/gcc/x86_64-linux-gnu/9/../../../:/lib/:/usr/lib/
COLLECT_GCC_OPTIONS='-v' '-o' 'CMakeFiles/cmTC_d5a0a.dir/CMakeCXXCompilerABI.cpp.o' '-c' '-shared-libgcc' '-mtune=generic' '-march=x86-64'
Linking CXX executable cmTC_d5a0a
/usr/bin/cmake -E cmake_link_script CMakeFiles/cmTC_d5a0a.dir/link.txt --verbose=1
/usr/bin/c++      -v -rdynamic CMakeFiles/cmTC_d5a0a.dir/CMakeCXXCompilerABI.cpp.o  -o cmTC_d5a0a 
Using built-in specs.
COLLECT_GCC=/usr/bin/c++
COLLECT_LTO_WRAPPER=/usr/lib/gcc/x86_64-linux-gnu/9/lto-wrapper
OFFLOAD_TARGET_NAMES=nvptx-none:hsa
OFFLOAD_TARGET_DEFAULT=1
Target: x86_64-linux-gnu
Configured with: ../src/configure -v --with-pkgversion='Ubuntu 9.3.0-17ubuntu1~20.04' --with-bugurl=file:///usr/share/doc/gcc-9/README.Bugs --enable-languages=c,ada,c++,go,brig,d,fortran,objc,obj-c++,gm2 --prefix=/usr --with-gcc-major-version-only --program-suffix=-9 --program-prefix=x86_64-linux-gnu- --enable-shared --enable-linker-build-id --libexecdir=/usr/lib --without-included-gettext --enable-threads=posix --libdir=/usr/lib --enable-nls --enable-clocale=gnu --enable-libstdcxx-debug --enable-libstdcxx-time=yes --with-default-libstdcxx-abi=new --enable-gnu-unique-object --disable-vtable-verify --enable-plugin --enable-default-pie --with-system-zlib --with-target-system-zlib=auto --enable-objc-gc=auto --enable-multiarch --disable-werror --with-arch-32=i686 --with-abi=m64 --with-multilib-list=m32,m64,mx32 --enable-multilib --with-tune=generic --enable-offload-targets=nvptx-none=/build/gcc-9-HskZEa/gcc-9-9.3.0/debian/tmp-nvptx/usr,hsa --without-cuda-driver --enable-checking=release --build=x86_64-linux-gnu --host=x86_64-linux-gnu --target=x86_64-linux-gnu
Thread model: posix
gcc version 9.3.0 (Ubuntu 9.3.0-17ubuntu1~20.04) 
COMPILER_PATH=/usr/lib/gcc/x86_64-linux-gnu/9/:/usr/lib/gcc/x86_64-linux-gnu/9/:/usr/lib/gcc/x86_64-linux-gnu/:/usr/lib/gcc/x86_64-linux-gnu/9/:/usr/lib/gcc/x86_64-linux-gnu/
LIBRARY_PATH=/usr/lib/gcc/x86_64-linux-gnu/9/:/usr/lib/gcc/x86_64-linux-gnu/9/../../../x86_64-linux-gnu/:/usr/lib/gcc/x86_64-linux-gnu/9/../../../../lib/:/lib/x86_64-linux-gnu/:/lib/../lib/:/usr/lib/x86_64-linux-gnu/:/usr/lib/../lib/:/usr/lib/gcc/x86_64-linux-gnu/9/../../../:/lib/:/usr/lib/
COLLECT_GCC_OPTIONS='-v' '-rdynamic' '-o' 'cmTC_d5a0a' '-shared-libgcc' '-mtune=generic' '-march=x86-64'
 /usr/lib/gcc/x86_64-linux-gnu/9/collect2 -plugin /usr/lib/gcc/x86_64-linux-gnu/9/liblto_plugin.so -plugin-opt=/usr/lib/gcc/x86_64-linux-gnu/9/lto-wrapper -plugin-opt=-fresolution=/tmp/ccBhypjG.res -plugin-opt=-pass-through=-lgcc_s -plugin-opt=-pass-through=-lgcc -plugin-opt=-pass-through=-lc -plugin-opt=-pass-through=-lgcc_s -plugin-opt=-pass-through=-lgcc --build-id --eh-frame-hdr -m elf_x86_64 --hash-style=gnu --as-needed -export-dynamic -dynamic-linker /lib64/ld-linux-x86-64.so.2 -pie -z now -z relro -o cmTC_d5a0a /usr/lib/gcc/x86_64-linux-gnu/9/../../../x86_64-linux-gnu/Scrt1.o /usr/lib/gcc/x86_64-linux-gnu/9/../../../x86_64-linux-gnu/crti.o /usr/lib/gcc/x86_64-linux-gnu/9/crtbeginS.o -L/usr/lib/gcc/x86_64-linux-gnu/9 -L/usr/lib/gcc/x86_64-linux-gnu/9/../../../x86_64-linux-gnu -L/usr/lib/gcc/x86_64-linux-gnu/9/../../../../lib -L/lib/x86_64-linux-gnu -L/lib/../lib -L/usr/lib/x86_64-linux-gnu -L/usr/lib/../lib -L/usr/lib/gcc/x86_64-linux-gnu/9/../../.. CMakeFiles/cmTC_d5a0a.dir/CMakeCXXCompilerABI.cpp.o -lstdc++ -lm -lgcc_s -lgcc -lc -lgcc_s -lgcc /usr/lib/gcc/x86_64-linux-gnu/9/crtendS.o /usr/lib/gcc/x86_64-linux-gnu/9/../../../x86_64-linux-gnu/crtn.o
COLLECT_GCC_OPTIONS='-v' '-rdynamic' '-o' 'cmTC_d5a0a' '-shared-libgcc' '-mtune=generic' '-march=x86-64'
make[2]: Leaving directory '/mnt/d/ubuntu/5/sumokoin/build/release/CMakeFiles/CMakeTmp'
make[1]: Leaving directory '/mnt/d/ubuntu/5/sumokoin/build/release/CMakeFiles/CMakeTmp'



Parsed CXX implicit include dir info from above output: rv=done
  found start of include info
  found start of implicit include info
    add: [/usr/include/c++/9]
    add: [/usr/include/x86_64-linux-gnu/c++/9]
    add: [/usr/include/c++/9/backward]
    add: [/usr/lib/gcc/x86_64-linux-gnu/9/include]
    add: [/usr/local/include]
    add: [/usr/include/x86_64-linux-gnu]
    add: [/usr/include]
  end of search list found
  collapse include dir [/usr/include/c++/9] ==> [/usr/include/c++/9]
  collapse include dir [/usr/include/x86_64-linux-gnu/c++/9] ==> [/usr/include/x86_64-linux-gnu/c++/9]
  collapse include dir [/usr/include/c++/9/backward] ==> [/usr/include/c++/9/backward]
  collapse include dir [/usr/lib/gcc/x86_64-linux-gnu/9/include] ==> [/usr/lib/gcc/x86_64-linux-gnu/9/include]
  collapse include dir [/usr/local/include] ==> [/usr/local/include]
  collapse include dir [/usr/include/x86_64-linux-gnu] ==> [/usr/include/x86_64-linux-gnu]
  collapse include dir [/usr/include] ==> [/usr/include]
  implicit include dirs: [/usr/include/c++/9;/usr/include/x86_64-linux-gnu/c++/9;/usr/include/c++/9/backward;/usr/lib/gcc/x86_64-linux-gnu/9/include;/usr/local/include;/usr/include/x86_64-linux-gnu;/usr/include]


Parsed CXX implicit link information from above output:
  link line regex: [^( *|.*[/\])(ld|CMAKE_LINK_STARTFILE-NOTFOUND|([^/\]+-)?ld|collect2)[^/\]*( |$)]
  ignore line: [Change Dir: /mnt/d/ubuntu/5/sumokoin/build/release/CMakeFiles/CMakeTmp]
  ignore line: []
  ignore line: [Run Build Command(s):/usr/bin/make cmTC_d5a0a/fast && make[1]: Entering directory '/mnt/d/ubuntu/5/sumokoin/build/release/CMakeFiles/CMakeTmp']
  ignore line: [/usr/bin/make -f CMakeFiles/cmTC_d5a0a.dir/build.make CMakeFiles/cmTC_d5a0a.dir/build]
  ignore line: [make[2]: Entering directory '/mnt/d/ubuntu/5/sumokoin/build/release/CMakeFiles/CMakeTmp']
  ignore line: [Building CXX object CMakeFiles/cmTC_d5a0a.dir/CMakeCXXCompilerABI.cpp.o]
  ignore line: [/usr/bin/c++    -v -o CMakeFiles/cmTC_d5a0a.dir/CMakeCXXCompilerABI.cpp.o -c /usr/share/cmake-3.16/Modules/CMakeCXXCompilerABI.cpp]
  ignore line: [Using built-in specs.]
  ignore line: [COLLECT_GCC=/usr/bin/c++]
  ignore line: [OFFLOAD_TARGET_NAMES=nvptx-none:hsa]
  ignore line: [OFFLOAD_TARGET_DEFAULT=1]
  ignore line: [Target: x86_64-linux-gnu]
  ignore line: [Configured with: ../src/configure -v --with-pkgversion='Ubuntu 9.3.0-17ubuntu1~20.04' --with-bugurl=file:///usr/share/doc/gcc-9/README.Bugs --enable-languages=c ada c++ go brig d fortran objc obj-c++ gm2 --prefix=/usr --with-gcc-major-version-only --program-suffix=-9 --program-prefix=x86_64-linux-gnu- --enable-shared --enable-linker-build-id --libexecdir=/usr/lib --without-included-gettext --enable-threads=posix --libdir=/usr/lib --enable-nls --enable-clocale=gnu --enable-libstdcxx-debug --enable-libstdcxx-time=yes --with-default-libstdcxx-abi=new --enable-gnu-unique-object --disable-vtable-verify --enable-plugin --enable-default-pie --with-system-zlib --with-target-system-zlib=auto --enable-objc-gc=auto --enable-multiarch --disable-werror --with-arch-32=i686 --with-abi=m64 --with-multilib-list=m32 m64 mx32 --enable-multilib --with-tune=generic --enable-offload-targets=nvptx-none=/build/gcc-9-HskZEa/gcc-9-9.3.0/debian/tmp-nvptx/usr hsa --without-cuda-driver --enable-checking=release --build=x86_64-linux-gnu --host=x86_64-linux-gnu --target=x86_64-linux-gnu]
  ignore line: [Thread model: posix]
  ignore line: [gcc version 9.3.0 (Ubuntu 9.3.0-17ubuntu1~20.04) ]
  ignore line: [COLLECT_GCC_OPTIONS='-v' '-o' 'CMakeFiles/cmTC_d5a0a.dir/CMakeCXXCompilerABI.cpp.o' '-c' '-shared-libgcc' '-mtune=generic' '-march=x86-64']
  ignore line: [ /usr/lib/gcc/x86_64-linux-gnu/9/cc1plus -quiet -v -imultiarch x86_64-linux-gnu -D_GNU_SOURCE /usr/share/cmake-3.16/Modules/CMakeCXXCompilerABI.cpp -quiet -dumpbase CMakeCXXCompilerABI.cpp -mtune=generic -march=x86-64 -auxbase-strip CMakeFiles/cmTC_d5a0a.dir/CMakeCXXCompilerABI.cpp.o -version -fasynchronous-unwind-tables -fstack-protector-strong -Wformat -Wformat-security -fstack-clash-protection -fcf-protection -o /tmp/ccCckWog.s]
  ignore line: [GNU C++14 (Ubuntu 9.3.0-17ubuntu1~20.04) version 9.3.0 (x86_64-linux-gnu)]
  ignore line: [	compiled by GNU C version 9.3.0  GMP version 6.2.0  MPFR version 4.0.2  MPC version 1.1.0  isl version isl-0.22.1-GMP]
  ignore line: []
  ignore line: [GGC heuristics: --param ggc-min-expand=100 --param ggc-min-heapsize=131072]
  ignore line: [ignoring duplicate directory "/usr/include/x86_64-linux-gnu/c++/9"]
  ignore line: [ignoring nonexistent directory "/usr/local/include/x86_64-linux-gnu"]
  ignore line: [ignoring nonexistent directory "/usr/lib/gcc/x86_64-linux-gnu/9/include-fixed"]
  ignore line: [ignoring nonexistent directory "/usr/lib/gcc/x86_64-linux-gnu/9/../../../../x86_64-linux-gnu/include"]
  ignore line: [#include "..." search starts here:]
  ignore line: [#include <...> search starts here:]
  ignore line: [ /usr/include/c++/9]
  ignore line: [ /usr/include/x86_64-linux-gnu/c++/9]
  ignore line: [ /usr/include/c++/9/backward]
  ignore line: [ /usr/lib/gcc/x86_64-linux-gnu/9/include]
  ignore line: [ /usr/local/include]
  ignore line: [ /usr/include/x86_64-linux-gnu]
  ignore line: [ /usr/include]
  ignore line: [End of search list.]
  ignore line: [GNU C++14 (Ubuntu 9.3.0-17ubuntu1~20.04) version 9.3.0 (x86_64-linux-gnu)]
  ignore line: [	compiled by GNU C version 9.3.0  GMP version 6.2.0  MPFR version 4.0.2  MPC version 1.1.0  isl version isl-0.22.1-GMP]
  ignore line: []
  ignore line: [GGC heuristics: --param ggc-min-expand=100 --param ggc-min-heapsize=131072]
  ignore line: [Compiler executable checksum: 466f818abe2f30ba03783f22bd12d815]
  ignore line: [COLLECT_GCC_OPTIONS='-v' '-o' 'CMakeFiles/cmTC_d5a0a.dir/CMakeCXXCompilerABI.cpp.o' '-c' '-shared-libgcc' '-mtune=generic' '-march=x86-64']
  ignore line: [ as -v --64 -o CMakeFiles/cmTC_d5a0a.dir/CMakeCXXCompilerABI.cpp.o /tmp/ccCckWog.s]
  ignore line: [GNU assembler version 2.34 (x86_64-linux-gnu) using BFD version (GNU Binutils for Ubuntu) 2.34]
  ignore line: [COMPILER_PATH=/usr/lib/gcc/x86_64-linux-gnu/9/:/usr/lib/gcc/x86_64-linux-gnu/9/:/usr/lib/gcc/x86_64-linux-gnu/:/usr/lib/gcc/x86_64-linux-gnu/9/:/usr/lib/gcc/x86_64-linux-gnu/]
  ignore line: [LIBRARY_PATH=/usr/lib/gcc/x86_64-linux-gnu/9/:/usr/lib/gcc/x86_64-linux-gnu/9/../../../x86_64-linux-gnu/:/usr/lib/gcc/x86_64-linux-gnu/9/../../../../lib/:/lib/x86_64-linux-gnu/:/lib/../lib/:/usr/lib/x86_64-linux-gnu/:/usr/lib/../lib/:/usr/lib/gcc/x86_64-linux-gnu/9/../../../:/lib/:/usr/lib/]
  ignore line: [COLLECT_GCC_OPTIONS='-v' '-o' 'CMakeFiles/cmTC_d5a0a.dir/CMakeCXXCompilerABI.cpp.o' '-c' '-shared-libgcc' '-mtune=generic' '-march=x86-64']
  ignore line: [Linking CXX executable cmTC_d5a0a]
  ignore line: [/usr/bin/cmake -E cmake_link_script CMakeFiles/cmTC_d5a0a.dir/link.txt --verbose=1]
  ignore line: [/usr/bin/c++      -v -rdynamic CMakeFiles/cmTC_d5a0a.dir/CMakeCXXCompilerABI.cpp.o  -o cmTC_d5a0a ]
  ignore line: [Using built-in specs.]
  ignore line: [COLLECT_GCC=/usr/bin/c++]
  ignore line: [COLLECT_LTO_WRAPPER=/usr/lib/gcc/x86_64-linux-gnu/9/lto-wrapper]
  ignore line: [OFFLOAD_TARGET_NAMES=nvptx-none:hsa]
  ignore line: [OFFLOAD_TARGET_DEFAULT=1]
  ignore line: [Target: x86_64-linux-gnu]
  ignore line: [Configured with: ../src/configure -v --with-pkgversion='Ubuntu 9.3.0-17ubuntu1~20.04' --with-bugurl=file:///usr/share/doc/gcc-9/README.Bugs --enable-languages=c ada c++ go brig d fortran objc obj-c++ gm2 --prefix=/usr --with-gcc-major-version-only --program-suffix=-9 --program-prefix=x86_64-linux-gnu- --enable-shared --enable-linker-build-id --libexecdir=/usr/lib --without-included-gettext --enable-threads=posix --libdir=/usr/lib --enable-nls --enable-clocale=gnu --enable-libstdcxx-debug --enable-libstdcxx-time=yes --with-default-libstdcxx-abi=new --enable-gnu-unique-object --disable-vtable-verify --enable-plugin --enable-default-pie --with-system-zlib --with-target-system-zlib=auto --enable-objc-gc=auto --enable-multiarch --disable-werror --with-arch-32=i686 --with-abi=m64 --with-multilib-list=m32 m64 mx32 --enable-multilib --with-tune=generic --enable-offload-targets=nvptx-none=/build/gcc-9-HskZEa/gcc-9-9.3.0/debian/tmp-nvptx/usr hsa --without-cuda-driver --enable-checking=release --build=x86_64-linux-gnu --host=x86_64-linux-gnu --target=x86_64-linux-gnu]
  ignore line: [Thread model: posix]
  ignore line: [gcc version 9.3.0 (Ubuntu 9.3.0-17ubuntu1~20.04) ]
  ignore line: [COMPILER_PATH=/usr/lib/gcc/x86_64-linux-gnu/9/:/usr/lib/gcc/x86_64-linux-gnu/9/:/usr/lib/gcc/x86_64-linux-gnu/:/usr/lib/gcc/x86_64-linux-gnu/9/:/usr/lib/gcc/x86_64-linux-gnu/]
  ignore line: [LIBRARY_PATH=/usr/lib/gcc/x86_64-linux-gnu/9/:/usr/lib/gcc/x86_64-linux-gnu/9/../../../x86_64-linux-gnu/:/usr/lib/gcc/x86_64-linux-gnu/9/../../../../lib/:/lib/x86_64-linux-gnu/:/lib/../lib/:/usr/lib/x86_64-linux-gnu/:/usr/lib/../lib/:/usr/lib/gcc/x86_64-linux-gnu/9/../../../:/lib/:/usr/lib/]
  ignore line: [COLLECT_GCC_OPTIONS='-v' '-rdynamic' '-o' 'cmTC_d5a0a' '-shared-libgcc' '-mtune=generic' '-march=x86-64']
  link line: [ /usr/lib/gcc/x86_64-linux-gnu/9/collect2 -plugin /usr/lib/gcc/x86_64-linux-gnu/9/liblto_plugin.so -plugin-opt=/usr/lib/gcc/x86_64-linux-gnu/9/lto-wrapper -plugin-opt=-fresolution=/tmp/ccBhypjG.res -plugin-opt=-pass-through=-lgcc_s -plugin-opt=-pass-through=-lgcc -plugin-opt=-pass-through=-lc -plugin-opt=-pass-through=-lgcc_s -plugin-opt=-pass-through=-lgcc --build-id --eh-frame-hdr -m elf_x86_64 --hash-style=gnu --as-needed -export-dynamic -dynamic-linker /lib64/ld-linux-x86-64.so.2 -pie -z now -z relro -o cmTC_d5a0a /usr/lib/gcc/x86_64-linux-gnu/9/../../../x86_64-linux-gnu/Scrt1.o /usr/lib/gcc/x86_64-linux-gnu/9/../../../x86_64-linux-gnu/crti.o /usr/lib/gcc/x86_64-linux-gnu/9/crtbeginS.o -L/usr/lib/gcc/x86_64-linux-gnu/9 -L/usr/lib/gcc/x86_64-linux-gnu/9/../../../x86_64-linux-gnu -L/usr/lib/gcc/x86_64-linux-gnu/9/../../../../lib -L/lib/x86_64-linux-gnu -L/lib/../lib -L/usr/lib/x86_64-linux-gnu -L/usr/lib/../lib -L/usr/lib/gcc/x86_64-linux-gnu/9/../../.. CMakeFiles/cmTC_d5a0a.dir/CMakeCXXCompilerABI.cpp.o -lstdc++ -lm -lgcc_s -lgcc -lc -lgcc_s -lgcc /usr/lib/gcc/x86_64-linux-gnu/9/crtendS.o /usr/lib/gcc/x86_64-linux-gnu/9/../../../x86_64-linux-gnu/crtn.o]
    arg [/usr/lib/gcc/x86_64-linux-gnu/9/collect2] ==> ignore
    arg [-plugin] ==> ignore
    arg [/usr/lib/gcc/x86_64-linux-gnu/9/liblto_plugin.so] ==> ignore
    arg [-plugin-opt=/usr/lib/gcc/x86_64-linux-gnu/9/lto-wrapper] ==> ignore
    arg [-plugin-opt=-fresolution=/tmp/ccBhypjG.res] ==> ignore
    arg [-plugin-opt=-pass-through=-lgcc_s] ==> ignore
    arg [-plugin-opt=-pass-through=-lgcc] ==> ignore
    arg [-plugin-opt=-pass-through=-lc] ==> ignore
    arg [-plugin-opt=-pass-through=-lgcc_s] ==> ignore
    arg [-plugin-opt=-pass-through=-lgcc] ==> ignore
    arg [--build-id] ==> ignore
    arg [--eh-frame-hdr] ==> ignore
    arg [-m] ==> ignore
    arg [elf_x86_64] ==> ignore
    arg [--hash-style=gnu] ==> ignore
    arg [--as-needed] ==> ignore
    arg [-export-dynamic] ==> ignore
    arg [-dynamic-linker] ==> ignore
    arg [/lib64/ld-linux-x86-64.so.2] ==> ignore
    arg [-pie] ==> ignore
    arg [-znow] ==> ignore
    arg [-zrelro] ==> ignore
    arg [-o] ==> ignore
    arg [cmTC_d5a0a] ==> ignore
    arg [/usr/lib/gcc/x86_64-linux-gnu/9/../../../x86_64-linux-gnu/Scrt1.o] ==> ignore
    arg [/usr/lib/gcc/x86_64-linux-gnu/9/../../../x86_64-linux-gnu/crti.o] ==> ignore
    arg [/usr/lib/gcc/x86_64-linux-gnu/9/crtbeginS.o] ==> ignore
    arg [-L/usr/lib/gcc/x86_64-linux-gnu/9] ==> dir [/usr/lib/gcc/x86_64-linux-gnu/9]
    arg [-L/usr/lib/gcc/x86_64-linux-gnu/9/../../../x86_64-linux-gnu] ==> dir [/usr/lib/gcc/x86_64-linux-gnu/9/../../../x86_64-linux-gnu]
    arg [-L/usr/lib/gcc/x86_64-linux-gnu/9/../../../../lib] ==> dir [/usr/lib/gcc/x86_64-linux-gnu/9/../../../../lib]
    arg [-L/lib/x86_64-linux-gnu] ==> dir [/lib/x86_64-linux-gnu]
    arg [-L/lib/../lib] ==> dir [/lib/../lib]
    arg [-L/usr/lib/x86_64-linux-gnu] ==> dir [/usr/lib/x86_64-linux-gnu]
    arg [-L/usr/lib/../lib] ==> dir [/usr/lib/../lib]
    arg [-L/usr/lib/gcc/x86_64-linux-gnu/9/../../..] ==> dir [/usr/lib/gcc/x86_64-linux-gnu/9/../../..]
    arg [CMakeFiles/cmTC_d5a0a.dir/CMakeCXXCompilerABI.cpp.o] ==> ignore
    arg [-lstdc++] ==> lib [stdc++]
    arg [-lm] ==> lib [m]
    arg [-lgcc_s] ==> lib [gcc_s]
    arg [-lgcc] ==> lib [gcc]
    arg [-lc] ==> lib [c]
    arg [-lgcc_s] ==> lib [gcc_s]
    arg [-lgcc] ==> lib [gcc]
    arg [/usr/lib/gcc/x86_64-linux-gnu/9/crtendS.o] ==> ignore
    arg [/usr/lib/gcc/x86_64-linux-gnu/9/../../../x86_64-linux-gnu/crtn.o] ==> ignore
  collapse library dir [/usr/lib/gcc/x86_64-linux-gnu/9] ==> [/usr/lib/gcc/x86_64-linux-gnu/9]
  collapse library dir [/usr/lib/gcc/x86_64-linux-gnu/9/../../../x86_64-linux-gnu] ==> [/usr/lib/x86_64-linux-gnu]
  collapse library dir [/usr/lib/gcc/x86_64-linux-gnu/9/../../../../lib] ==> [/usr/lib]
  collapse library dir [/lib/x86_64-linux-gnu] ==> [/lib/x86_64-linux-gnu]
  collapse library dir [/lib/../lib] ==> [/lib]
  collapse library dir [/usr/lib/x86_64-linux-gnu] ==> [/usr/lib/x86_64-linux-gnu]
  collapse library dir [/usr/lib/../lib] ==> [/usr/lib]
  collapse library dir [/usr/lib/gcc/x86_64-linux-gnu/9/../../..] ==> [/usr/lib]
  implicit libs: [stdc++;m;gcc_s;gcc;c;gcc_s;gcc]
  implicit dirs: [/usr/lib/gcc/x86_64-linux-gnu/9;/usr/lib/x86_64-linux-gnu;/usr/lib;/lib/x86_64-linux-gnu;/lib]
  implicit fwks: []


Checking whether the ASM compiler is GNU using "--version" matched "(GNU assembler)|(GCC)|(Free Software Foundation)":
cc (Ubuntu 9.3.0-17ubuntu1~20.04) 9.3.0
Copyright (C) 2019 Free Software Foundation, Inc.
This is free software; see the source for copying conditions.  There is NO
warranty; not even for MERCHANTABILITY or FITNESS FOR A PARTICULAR PURPOSE.

Determining if the include file pthread.h exists passed with the following output:
Change Dir: /mnt/d/ubuntu/5/sumokoin/build/release/CMakeFiles/CMakeTmp

Run Build Command(s):/usr/bin/make cmTC_be9a8/fast && make[1]: Entering directory '/mnt/d/ubuntu/5/sumokoin/build/release/CMakeFiles/CMakeTmp'
/usr/bin/make -f CMakeFiles/cmTC_be9a8.dir/build.make CMakeFiles/cmTC_be9a8.dir/build
make[2]: Entering directory '/mnt/d/ubuntu/5/sumokoin/build/release/CMakeFiles/CMakeTmp'
Building C object CMakeFiles/cmTC_be9a8.dir/CheckIncludeFile.c.o
/usr/bin/cc    -o CMakeFiles/cmTC_be9a8.dir/CheckIncludeFile.c.o   -c /mnt/d/ubuntu/5/sumokoin/build/release/CMakeFiles/CMakeTmp/CheckIncludeFile.c
Linking C executable cmTC_be9a8
/usr/bin/cmake -E cmake_link_script CMakeFiles/cmTC_be9a8.dir/link.txt --verbose=1
/usr/bin/cc      -rdynamic CMakeFiles/cmTC_be9a8.dir/CheckIncludeFile.c.o  -o cmTC_be9a8 
make[2]: Leaving directory '/mnt/d/ubuntu/5/sumokoin/build/release/CMakeFiles/CMakeTmp'
make[1]: Leaving directory '/mnt/d/ubuntu/5/sumokoin/build/release/CMakeFiles/CMakeTmp'



Performing C SOURCE FILE Test _pthread_c succeeded with the following output:
Change Dir: /mnt/d/ubuntu/5/sumokoin/build/release/CMakeFiles/CMakeTmp

Run Build Command(s):/usr/bin/make cmTC_ea6c6/fast && make[1]: Entering directory '/mnt/d/ubuntu/5/sumokoin/build/release/CMakeFiles/CMakeTmp'
/usr/bin/make -f CMakeFiles/cmTC_ea6c6.dir/build.make CMakeFiles/cmTC_ea6c6.dir/build
make[2]: Entering directory '/mnt/d/ubuntu/5/sumokoin/build/release/CMakeFiles/CMakeTmp'
Building C object CMakeFiles/cmTC_ea6c6.dir/src.c.o
/usr/bin/cc   -D_pthread_c   -pthread -o CMakeFiles/cmTC_ea6c6.dir/src.c.o   -c /mnt/d/ubuntu/5/sumokoin/build/release/CMakeFiles/CMakeTmp/src.c
Linking C executable cmTC_ea6c6
/usr/bin/cmake -E cmake_link_script CMakeFiles/cmTC_ea6c6.dir/link.txt --verbose=1
/usr/bin/cc  -D_pthread_c    -rdynamic CMakeFiles/cmTC_ea6c6.dir/src.c.o  -o cmTC_ea6c6 
make[2]: Leaving directory '/mnt/d/ubuntu/5/sumokoin/build/release/CMakeFiles/CMakeTmp'
make[1]: Leaving directory '/mnt/d/ubuntu/5/sumokoin/build/release/CMakeFiles/CMakeTmp'


Source file was:
int main(void) { return 0; }
Performing C++ SOURCE FILE Test _pthread_cxx succeeded with the following output:
Change Dir: /mnt/d/ubuntu/5/sumokoin/build/release/CMakeFiles/CMakeTmp

Run Build Command(s):/usr/bin/make cmTC_90d06/fast && make[1]: Entering directory '/mnt/d/ubuntu/5/sumokoin/build/release/CMakeFiles/CMakeTmp'
/usr/bin/make -f CMakeFiles/cmTC_90d06.dir/build.make CMakeFiles/cmTC_90d06.dir/build
make[2]: Entering directory '/mnt/d/ubuntu/5/sumokoin/build/release/CMakeFiles/CMakeTmp'
Building CXX object CMakeFiles/cmTC_90d06.dir/src.cxx.o
/usr/bin/c++    -D_pthread_cxx   -pthread -o CMakeFiles/cmTC_90d06.dir/src.cxx.o -c /mnt/d/ubuntu/5/sumokoin/build/release/CMakeFiles/CMakeTmp/src.cxx
Linking CXX executable cmTC_90d06
/usr/bin/cmake -E cmake_link_script CMakeFiles/cmTC_90d06.dir/link.txt --verbose=1
/usr/bin/c++   -D_pthread_cxx    -rdynamic CMakeFiles/cmTC_90d06.dir/src.cxx.o  -o cmTC_90d06 
make[2]: Leaving directory '/mnt/d/ubuntu/5/sumokoin/build/release/CMakeFiles/CMakeTmp'
make[1]: Leaving directory '/mnt/d/ubuntu/5/sumokoin/build/release/CMakeFiles/CMakeTmp'


Source file was:
int main() { return 0; }
Determining if the function explicit_bzero exists in the c passed with the following output:
Change Dir: /mnt/d/ubuntu/5/sumokoin/build/release/CMakeFiles/CMakeTmp

Run Build Command(s):/usr/bin/make cmTC_005dd/fast && make[1]: Entering directory '/mnt/d/ubuntu/5/sumokoin/build/release/CMakeFiles/CMakeTmp'
/usr/bin/make -f CMakeFiles/cmTC_005dd.dir/build.make CMakeFiles/cmTC_005dd.dir/build
make[2]: Entering directory '/mnt/d/ubuntu/5/sumokoin/build/release/CMakeFiles/CMakeTmp'
Building C object CMakeFiles/cmTC_005dd.dir/CheckFunctionExists.c.o
/usr/bin/cc   -pthread -DCHECK_FUNCTION_EXISTS=explicit_bzero   -o CMakeFiles/cmTC_005dd.dir/CheckFunctionExists.c.o   -c /usr/share/cmake-3.16/Modules/CheckFunctionExists.c
Linking C executable cmTC_005dd
/usr/bin/cmake -E cmake_link_script CMakeFiles/cmTC_005dd.dir/link.txt --verbose=1
/usr/bin/cc  -pthread -DCHECK_FUNCTION_EXISTS=explicit_bzero    -rdynamic CMakeFiles/cmTC_005dd.dir/CheckFunctionExists.c.o  -o cmTC_005dd   -L/mnt/d/ubuntu/5/sumokoin/build/release/CMakeFiles/CMakeTmp/strings.h  -Wl,-rpath,/mnt/d/ubuntu/5/sumokoin/build/release/CMakeFiles/CMakeTmp/strings.h -lc 
make[2]: Leaving directory '/mnt/d/ubuntu/5/sumokoin/build/release/CMakeFiles/CMakeTmp'
make[1]: Leaving directory '/mnt/d/ubuntu/5/sumokoin/build/release/CMakeFiles/CMakeTmp'



Determining if the function strptime exists passed with the following output:
Change Dir: /mnt/d/ubuntu/5/sumokoin/build/release/CMakeFiles/CMakeTmp

Run Build Command(s):/usr/bin/make cmTC_5fe63/fast && make[1]: Entering directory '/mnt/d/ubuntu/5/sumokoin/build/release/CMakeFiles/CMakeTmp'
/usr/bin/make -f CMakeFiles/cmTC_5fe63.dir/build.make CMakeFiles/cmTC_5fe63.dir/build
make[2]: Entering directory '/mnt/d/ubuntu/5/sumokoin/build/release/CMakeFiles/CMakeTmp'
Building C object CMakeFiles/cmTC_5fe63.dir/CheckFunctionExists.c.o
/usr/bin/cc   -pthread -DCHECK_FUNCTION_EXISTS=strptime   -o CMakeFiles/cmTC_5fe63.dir/CheckFunctionExists.c.o   -c /usr/share/cmake-3.16/Modules/CheckFunctionExists.c
Linking C executable cmTC_5fe63
/usr/bin/cmake -E cmake_link_script CMakeFiles/cmTC_5fe63.dir/link.txt --verbose=1
/usr/bin/cc  -pthread -DCHECK_FUNCTION_EXISTS=strptime    -rdynamic CMakeFiles/cmTC_5fe63.dir/CheckFunctionExists.c.o  -o cmTC_5fe63 
make[2]: Leaving directory '/mnt/d/ubuntu/5/sumokoin/build/release/CMakeFiles/CMakeTmp'
make[1]: Leaving directory '/mnt/d/ubuntu/5/sumokoin/build/release/CMakeFiles/CMakeTmp'



Determining if the backtrace exist passed with the following output:
Change Dir: /mnt/d/ubuntu/5/sumokoin/build/release/CMakeFiles/CMakeTmp

Run Build Command(s):/usr/bin/make cmTC_c98b5/fast && make[1]: Entering directory '/mnt/d/ubuntu/5/sumokoin/build/release/CMakeFiles/CMakeTmp'
/usr/bin/make -f CMakeFiles/cmTC_c98b5.dir/build.make CMakeFiles/cmTC_c98b5.dir/build
make[2]: Entering directory '/mnt/d/ubuntu/5/sumokoin/build/release/CMakeFiles/CMakeTmp'
Building C object CMakeFiles/cmTC_c98b5.dir/CheckSymbolExists.c.o
/usr/bin/cc   -Wno-implicit-function-declaration    -o CMakeFiles/cmTC_c98b5.dir/CheckSymbolExists.c.o   -c /mnt/d/ubuntu/5/sumokoin/build/release/CMakeFiles/CMakeTmp/CheckSymbolExists.c
Linking C executable cmTC_c98b5
/usr/bin/cmake -E cmake_link_script CMakeFiles/cmTC_c98b5.dir/link.txt --verbose=1
/usr/bin/cc -Wno-implicit-function-declaration     -rdynamic CMakeFiles/cmTC_c98b5.dir/CheckSymbolExists.c.o  -o cmTC_c98b5 
make[2]: Leaving directory '/mnt/d/ubuntu/5/sumokoin/build/release/CMakeFiles/CMakeTmp'
make[1]: Leaving directory '/mnt/d/ubuntu/5/sumokoin/build/release/CMakeFiles/CMakeTmp'


File /mnt/d/ubuntu/5/sumokoin/build/release/CMakeFiles/CMakeTmp/CheckSymbolExists.c:
/* */
#include <execinfo.h>

int main(int argc, char** argv)
{
  (void)argv;
#ifndef backtrace
  return ((int*)(&backtrace))[argc];
#else
  (void)argc;
  return 0;
#endif
}
Performing C SOURCE FILE Test CC_SUPPORTS_MARCH_NATIVE succeeded with the following output:
Change Dir: /mnt/d/ubuntu/5/sumokoin/build/release/CMakeFiles/CMakeTmp

Run Build Command(s):/usr/bin/make cmTC_0f491/fast && make[1]: Entering directory '/mnt/d/ubuntu/5/sumokoin/build/release/CMakeFiles/CMakeTmp'
/usr/bin/make -f CMakeFiles/cmTC_0f491.dir/build.make CMakeFiles/cmTC_0f491.dir/build
make[2]: Entering directory '/mnt/d/ubuntu/5/sumokoin/build/release/CMakeFiles/CMakeTmp'
Building C object CMakeFiles/cmTC_0f491.dir/src.c.o
/usr/bin/cc   -pthread -DCC_SUPPORTS_MARCH_NATIVE   -march=native -o CMakeFiles/cmTC_0f491.dir/src.c.o   -c /mnt/d/ubuntu/5/sumokoin/build/release/CMakeFiles/CMakeTmp/src.c
Linking C executable cmTC_0f491
/usr/bin/cmake -E cmake_link_script CMakeFiles/cmTC_0f491.dir/link.txt --verbose=1
/usr/bin/cc  -pthread -DCC_SUPPORTS_MARCH_NATIVE    -rdynamic CMakeFiles/cmTC_0f491.dir/src.c.o  -o cmTC_0f491 
make[2]: Leaving directory '/mnt/d/ubuntu/5/sumokoin/build/release/CMakeFiles/CMakeTmp'
make[1]: Leaving directory '/mnt/d/ubuntu/5/sumokoin/build/release/CMakeFiles/CMakeTmp'


Source file was:
int main(void) { return 0; }
Performing C SOURCE FILE Test _Wformat_c succeeded with the following output:
Change Dir: /mnt/d/ubuntu/5/sumokoin/build/release/CMakeFiles/CMakeTmp

Run Build Command(s):/usr/bin/make cmTC_1ef78/fast && make[1]: Entering directory '/mnt/d/ubuntu/5/sumokoin/build/release/CMakeFiles/CMakeTmp'
/usr/bin/make -f CMakeFiles/cmTC_1ef78.dir/build.make CMakeFiles/cmTC_1ef78.dir/build
make[2]: Entering directory '/mnt/d/ubuntu/5/sumokoin/build/release/CMakeFiles/CMakeTmp'
Building C object CMakeFiles/cmTC_1ef78.dir/src.c.o
/usr/bin/cc   -pthread -maes -march=native -fno-strict-aliasing -D_Wformat_c   -Wformat -o CMakeFiles/cmTC_1ef78.dir/src.c.o   -c /mnt/d/ubuntu/5/sumokoin/build/release/CMakeFiles/CMakeTmp/src.c
Linking C executable cmTC_1ef78
/usr/bin/cmake -E cmake_link_script CMakeFiles/cmTC_1ef78.dir/link.txt --verbose=1
/usr/bin/cc  -pthread -maes -march=native -fno-strict-aliasing -D_Wformat_c    -rdynamic CMakeFiles/cmTC_1ef78.dir/src.c.o  -o cmTC_1ef78 
make[2]: Leaving directory '/mnt/d/ubuntu/5/sumokoin/build/release/CMakeFiles/CMakeTmp'
make[1]: Leaving directory '/mnt/d/ubuntu/5/sumokoin/build/release/CMakeFiles/CMakeTmp'


Source file was:
int main(void) { return 0; }
Performing C++ SOURCE FILE Test _Wformat_cxx succeeded with the following output:
Change Dir: /mnt/d/ubuntu/5/sumokoin/build/release/CMakeFiles/CMakeTmp

Run Build Command(s):/usr/bin/make cmTC_d6476/fast && make[1]: Entering directory '/mnt/d/ubuntu/5/sumokoin/build/release/CMakeFiles/CMakeTmp'
/usr/bin/make -f CMakeFiles/cmTC_d6476.dir/build.make CMakeFiles/cmTC_d6476.dir/build
make[2]: Entering directory '/mnt/d/ubuntu/5/sumokoin/build/release/CMakeFiles/CMakeTmp'
Building CXX object CMakeFiles/cmTC_d6476.dir/src.cxx.o
/usr/bin/c++    -pthread -maes -march=native -fno-strict-aliasing -D_Wformat_cxx   -Wformat -o CMakeFiles/cmTC_d6476.dir/src.cxx.o -c /mnt/d/ubuntu/5/sumokoin/build/release/CMakeFiles/CMakeTmp/src.cxx
Linking CXX executable cmTC_d6476
/usr/bin/cmake -E cmake_link_script CMakeFiles/cmTC_d6476.dir/link.txt --verbose=1
/usr/bin/c++   -pthread -maes -march=native -fno-strict-aliasing -D_Wformat_cxx    -rdynamic CMakeFiles/cmTC_d6476.dir/src.cxx.o  -o cmTC_d6476 
make[2]: Leaving directory '/mnt/d/ubuntu/5/sumokoin/build/release/CMakeFiles/CMakeTmp'
make[1]: Leaving directory '/mnt/d/ubuntu/5/sumokoin/build/release/CMakeFiles/CMakeTmp'


Source file was:
int main() { return 0; }
Performing C SOURCE FILE Test _Wformat_security_c succeeded with the following output:
Change Dir: /mnt/d/ubuntu/5/sumokoin/build/release/CMakeFiles/CMakeTmp

Run Build Command(s):/usr/bin/make cmTC_98d61/fast && make[1]: Entering directory '/mnt/d/ubuntu/5/sumokoin/build/release/CMakeFiles/CMakeTmp'
/usr/bin/make -f CMakeFiles/cmTC_98d61.dir/build.make CMakeFiles/cmTC_98d61.dir/build
make[2]: Entering directory '/mnt/d/ubuntu/5/sumokoin/build/release/CMakeFiles/CMakeTmp'
Building C object CMakeFiles/cmTC_98d61.dir/src.c.o
/usr/bin/cc   -pthread -maes -march=native -fno-strict-aliasing -D_Wformat_security_c   -Wformat-security -o CMakeFiles/cmTC_98d61.dir/src.c.o   -c /mnt/d/ubuntu/5/sumokoin/build/release/CMakeFiles/CMakeTmp/src.c
Linking C executable cmTC_98d61
/usr/bin/cmake -E cmake_link_script CMakeFiles/cmTC_98d61.dir/link.txt --verbose=1
/usr/bin/cc  -pthread -maes -march=native -fno-strict-aliasing -D_Wformat_security_c    -rdynamic CMakeFiles/cmTC_98d61.dir/src.c.o  -o cmTC_98d61 
make[2]: Leaving directory '/mnt/d/ubuntu/5/sumokoin/build/release/CMakeFiles/CMakeTmp'
make[1]: Leaving directory '/mnt/d/ubuntu/5/sumokoin/build/release/CMakeFiles/CMakeTmp'


Source file was:
int main(void) { return 0; }
Performing C++ SOURCE FILE Test _Wformat_security_cxx succeeded with the following output:
Change Dir: /mnt/d/ubuntu/5/sumokoin/build/release/CMakeFiles/CMakeTmp

Run Build Command(s):/usr/bin/make cmTC_3a9bf/fast && make[1]: Entering directory '/mnt/d/ubuntu/5/sumokoin/build/release/CMakeFiles/CMakeTmp'
/usr/bin/make -f CMakeFiles/cmTC_3a9bf.dir/build.make CMakeFiles/cmTC_3a9bf.dir/build
make[2]: Entering directory '/mnt/d/ubuntu/5/sumokoin/build/release/CMakeFiles/CMakeTmp'
Building CXX object CMakeFiles/cmTC_3a9bf.dir/src.cxx.o
/usr/bin/c++    -pthread -maes -march=native -fno-strict-aliasing -D_Wformat_security_cxx   -Wformat-security -o CMakeFiles/cmTC_3a9bf.dir/src.cxx.o -c /mnt/d/ubuntu/5/sumokoin/build/release/CMakeFiles/CMakeTmp/src.cxx
Linking CXX executable cmTC_3a9bf
/usr/bin/cmake -E cmake_link_script CMakeFiles/cmTC_3a9bf.dir/link.txt --verbose=1
/usr/bin/c++   -pthread -maes -march=native -fno-strict-aliasing -D_Wformat_security_cxx    -rdynamic CMakeFiles/cmTC_3a9bf.dir/src.cxx.o  -o cmTC_3a9bf 
make[2]: Leaving directory '/mnt/d/ubuntu/5/sumokoin/build/release/CMakeFiles/CMakeTmp'
make[1]: Leaving directory '/mnt/d/ubuntu/5/sumokoin/build/release/CMakeFiles/CMakeTmp'


Source file was:
int main() { return 0; }
Performing C SOURCE FILE Test _fstack_protector_c succeeded with the following output:
Change Dir: /mnt/d/ubuntu/5/sumokoin/build/release/CMakeFiles/CMakeTmp

Run Build Command(s):/usr/bin/make cmTC_d6bb1/fast && make[1]: Entering directory '/mnt/d/ubuntu/5/sumokoin/build/release/CMakeFiles/CMakeTmp'
/usr/bin/make -f CMakeFiles/cmTC_d6bb1.dir/build.make CMakeFiles/cmTC_d6bb1.dir/build
make[2]: Entering directory '/mnt/d/ubuntu/5/sumokoin/build/release/CMakeFiles/CMakeTmp'
Building C object CMakeFiles/cmTC_d6bb1.dir/src.c.o
/usr/bin/cc   -pthread -maes -march=native -fno-strict-aliasing -D_fstack_protector_c   -fstack-protector -o CMakeFiles/cmTC_d6bb1.dir/src.c.o   -c /mnt/d/ubuntu/5/sumokoin/build/release/CMakeFiles/CMakeTmp/src.c
Linking C executable cmTC_d6bb1
/usr/bin/cmake -E cmake_link_script CMakeFiles/cmTC_d6bb1.dir/link.txt --verbose=1
/usr/bin/cc  -pthread -maes -march=native -fno-strict-aliasing -D_fstack_protector_c    -rdynamic CMakeFiles/cmTC_d6bb1.dir/src.c.o  -o cmTC_d6bb1 
make[2]: Leaving directory '/mnt/d/ubuntu/5/sumokoin/build/release/CMakeFiles/CMakeTmp'
make[1]: Leaving directory '/mnt/d/ubuntu/5/sumokoin/build/release/CMakeFiles/CMakeTmp'


Source file was:
int main(void) { return 0; }
Performing C++ SOURCE FILE Test _fstack_protector_cxx succeeded with the following output:
Change Dir: /mnt/d/ubuntu/5/sumokoin/build/release/CMakeFiles/CMakeTmp

Run Build Command(s):/usr/bin/make cmTC_f2172/fast && make[1]: Entering directory '/mnt/d/ubuntu/5/sumokoin/build/release/CMakeFiles/CMakeTmp'
/usr/bin/make -f CMakeFiles/cmTC_f2172.dir/build.make CMakeFiles/cmTC_f2172.dir/build
make[2]: Entering directory '/mnt/d/ubuntu/5/sumokoin/build/release/CMakeFiles/CMakeTmp'
Building CXX object CMakeFiles/cmTC_f2172.dir/src.cxx.o
/usr/bin/c++    -pthread -maes -march=native -fno-strict-aliasing -D_fstack_protector_cxx   -fstack-protector -o CMakeFiles/cmTC_f2172.dir/src.cxx.o -c /mnt/d/ubuntu/5/sumokoin/build/release/CMakeFiles/CMakeTmp/src.cxx
Linking CXX executable cmTC_f2172
/usr/bin/cmake -E cmake_link_script CMakeFiles/cmTC_f2172.dir/link.txt --verbose=1
/usr/bin/c++   -pthread -maes -march=native -fno-strict-aliasing -D_fstack_protector_cxx    -rdynamic CMakeFiles/cmTC_f2172.dir/src.cxx.o  -o cmTC_f2172 
make[2]: Leaving directory '/mnt/d/ubuntu/5/sumokoin/build/release/CMakeFiles/CMakeTmp'
make[1]: Leaving directory '/mnt/d/ubuntu/5/sumokoin/build/release/CMakeFiles/CMakeTmp'


Source file was:
int main() { return 0; }
Performing C SOURCE FILE Test _fstack_protector_strong_c succeeded with the following output:
Change Dir: /mnt/d/ubuntu/5/sumokoin/build/release/CMakeFiles/CMakeTmp

Run Build Command(s):/usr/bin/make cmTC_d5bf9/fast && make[1]: Entering directory '/mnt/d/ubuntu/5/sumokoin/build/release/CMakeFiles/CMakeTmp'
/usr/bin/make -f CMakeFiles/cmTC_d5bf9.dir/build.make CMakeFiles/cmTC_d5bf9.dir/build
make[2]: Entering directory '/mnt/d/ubuntu/5/sumokoin/build/release/CMakeFiles/CMakeTmp'
Building C object CMakeFiles/cmTC_d5bf9.dir/src.c.o
/usr/bin/cc   -pthread -maes -march=native -fno-strict-aliasing -D_fstack_protector_strong_c   -fstack-protector-strong -o CMakeFiles/cmTC_d5bf9.dir/src.c.o   -c /mnt/d/ubuntu/5/sumokoin/build/release/CMakeFiles/CMakeTmp/src.c
Linking C executable cmTC_d5bf9
/usr/bin/cmake -E cmake_link_script CMakeFiles/cmTC_d5bf9.dir/link.txt --verbose=1
/usr/bin/cc  -pthread -maes -march=native -fno-strict-aliasing -D_fstack_protector_strong_c    -rdynamic CMakeFiles/cmTC_d5bf9.dir/src.c.o  -o cmTC_d5bf9 
make[2]: Leaving directory '/mnt/d/ubuntu/5/sumokoin/build/release/CMakeFiles/CMakeTmp'
make[1]: Leaving directory '/mnt/d/ubuntu/5/sumokoin/build/release/CMakeFiles/CMakeTmp'


Source file was:
int main(void) { return 0; }
Performing C++ SOURCE FILE Test _fstack_protector_strong_cxx succeeded with the following output:
Change Dir: /mnt/d/ubuntu/5/sumokoin/build/release/CMakeFiles/CMakeTmp

Run Build Command(s):/usr/bin/make cmTC_8e439/fast && make[1]: Entering directory '/mnt/d/ubuntu/5/sumokoin/build/release/CMakeFiles/CMakeTmp'
/usr/bin/make -f CMakeFiles/cmTC_8e439.dir/build.make CMakeFiles/cmTC_8e439.dir/build
make[2]: Entering directory '/mnt/d/ubuntu/5/sumokoin/build/release/CMakeFiles/CMakeTmp'
Building CXX object CMakeFiles/cmTC_8e439.dir/src.cxx.o
/usr/bin/c++    -pthread -maes -march=native -fno-strict-aliasing -D_fstack_protector_strong_cxx   -fstack-protector-strong -o CMakeFiles/cmTC_8e439.dir/src.cxx.o -c /mnt/d/ubuntu/5/sumokoin/build/release/CMakeFiles/CMakeTmp/src.cxx
Linking CXX executable cmTC_8e439
/usr/bin/cmake -E cmake_link_script CMakeFiles/cmTC_8e439.dir/link.txt --verbose=1
/usr/bin/c++   -pthread -maes -march=native -fno-strict-aliasing -D_fstack_protector_strong_cxx    -rdynamic CMakeFiles/cmTC_8e439.dir/src.cxx.o  -o cmTC_8e439 
make[2]: Leaving directory '/mnt/d/ubuntu/5/sumokoin/build/release/CMakeFiles/CMakeTmp'
make[1]: Leaving directory '/mnt/d/ubuntu/5/sumokoin/build/release/CMakeFiles/CMakeTmp'


Source file was:
int main() { return 0; }
Performing C SOURCE FILE Test _fcf_protection=full_c succeeded with the following output:
Change Dir: /mnt/d/ubuntu/5/sumokoin/build/release/CMakeFiles/CMakeTmp

Run Build Command(s):/usr/bin/make cmTC_735a7/fast && make[1]: Entering directory '/mnt/d/ubuntu/5/sumokoin/build/release/CMakeFiles/CMakeTmp'
/usr/bin/make -f CMakeFiles/cmTC_735a7.dir/build.make CMakeFiles/cmTC_735a7.dir/build
make[2]: Entering directory '/mnt/d/ubuntu/5/sumokoin/build/release/CMakeFiles/CMakeTmp'
Building C object CMakeFiles/cmTC_735a7.dir/src.c.o
/usr/bin/cc   -pthread -maes -march=native -fno-strict-aliasing -D_fcf_protection=full_c   -fcf-protection=full -o CMakeFiles/cmTC_735a7.dir/src.c.o   -c /mnt/d/ubuntu/5/sumokoin/build/release/CMakeFiles/CMakeTmp/src.c
Linking C executable cmTC_735a7
/usr/bin/cmake -E cmake_link_script CMakeFiles/cmTC_735a7.dir/link.txt --verbose=1
/usr/bin/cc  -pthread -maes -march=native -fno-strict-aliasing -D_fcf_protection=full_c    -rdynamic CMakeFiles/cmTC_735a7.dir/src.c.o  -o cmTC_735a7 
make[2]: Leaving directory '/mnt/d/ubuntu/5/sumokoin/build/release/CMakeFiles/CMakeTmp'
make[1]: Leaving directory '/mnt/d/ubuntu/5/sumokoin/build/release/CMakeFiles/CMakeTmp'


Source file was:
int main(void) { return 0; }
Performing C++ SOURCE FILE Test _fcf_protection=full_cxx succeeded with the following output:
Change Dir: /mnt/d/ubuntu/5/sumokoin/build/release/CMakeFiles/CMakeTmp

Run Build Command(s):/usr/bin/make cmTC_9460e/fast && make[1]: Entering directory '/mnt/d/ubuntu/5/sumokoin/build/release/CMakeFiles/CMakeTmp'
/usr/bin/make -f CMakeFiles/cmTC_9460e.dir/build.make CMakeFiles/cmTC_9460e.dir/build
make[2]: Entering directory '/mnt/d/ubuntu/5/sumokoin/build/release/CMakeFiles/CMakeTmp'
Building CXX object CMakeFiles/cmTC_9460e.dir/src.cxx.o
/usr/bin/c++    -pthread -maes -march=native -fno-strict-aliasing -D_fcf_protection=full_cxx   -fcf-protection=full -o CMakeFiles/cmTC_9460e.dir/src.cxx.o -c /mnt/d/ubuntu/5/sumokoin/build/release/CMakeFiles/CMakeTmp/src.cxx
Linking CXX executable cmTC_9460e
/usr/bin/cmake -E cmake_link_script CMakeFiles/cmTC_9460e.dir/link.txt --verbose=1
/usr/bin/c++   -pthread -maes -march=native -fno-strict-aliasing -D_fcf_protection=full_cxx    -rdynamic CMakeFiles/cmTC_9460e.dir/src.cxx.o  -o cmTC_9460e 
make[2]: Leaving directory '/mnt/d/ubuntu/5/sumokoin/build/release/CMakeFiles/CMakeTmp'
make[1]: Leaving directory '/mnt/d/ubuntu/5/sumokoin/build/release/CMakeFiles/CMakeTmp'


Source file was:
int main() { return 0; }
Performing C SOURCE FILE Test _fstack_clash_protection_c succeeded with the following output:
Change Dir: /mnt/d/ubuntu/5/sumokoin/build/release/CMakeFiles/CMakeTmp

Run Build Command(s):/usr/bin/make cmTC_8b799/fast && make[1]: Entering directory '/mnt/d/ubuntu/5/sumokoin/build/release/CMakeFiles/CMakeTmp'
/usr/bin/make -f CMakeFiles/cmTC_8b799.dir/build.make CMakeFiles/cmTC_8b799.dir/build
make[2]: Entering directory '/mnt/d/ubuntu/5/sumokoin/build/release/CMakeFiles/CMakeTmp'
Building C object CMakeFiles/cmTC_8b799.dir/src.c.o
/usr/bin/cc   -pthread -maes -march=native -fno-strict-aliasing -D_fstack_clash_protection_c   -fstack-clash-protection -o CMakeFiles/cmTC_8b799.dir/src.c.o   -c /mnt/d/ubuntu/5/sumokoin/build/release/CMakeFiles/CMakeTmp/src.c
Linking C executable cmTC_8b799
/usr/bin/cmake -E cmake_link_script CMakeFiles/cmTC_8b799.dir/link.txt --verbose=1
/usr/bin/cc  -pthread -maes -march=native -fno-strict-aliasing -D_fstack_clash_protection_c    -rdynamic CMakeFiles/cmTC_8b799.dir/src.c.o  -o cmTC_8b799 
make[2]: Leaving directory '/mnt/d/ubuntu/5/sumokoin/build/release/CMakeFiles/CMakeTmp'
make[1]: Leaving directory '/mnt/d/ubuntu/5/sumokoin/build/release/CMakeFiles/CMakeTmp'


Source file was:
int main(void) { return 0; }
Performing C++ SOURCE FILE Test _fstack_clash_protection_cxx succeeded with the following output:
Change Dir: /mnt/d/ubuntu/5/sumokoin/build/release/CMakeFiles/CMakeTmp

Run Build Command(s):/usr/bin/make cmTC_86804/fast && make[1]: Entering directory '/mnt/d/ubuntu/5/sumokoin/build/release/CMakeFiles/CMakeTmp'
/usr/bin/make -f CMakeFiles/cmTC_86804.dir/build.make CMakeFiles/cmTC_86804.dir/build
make[2]: Entering directory '/mnt/d/ubuntu/5/sumokoin/build/release/CMakeFiles/CMakeTmp'
Building CXX object CMakeFiles/cmTC_86804.dir/src.cxx.o
/usr/bin/c++    -pthread -maes -march=native -fno-strict-aliasing -D_fstack_clash_protection_cxx   -fstack-clash-protection -o CMakeFiles/cmTC_86804.dir/src.cxx.o -c /mnt/d/ubuntu/5/sumokoin/build/release/CMakeFiles/CMakeTmp/src.cxx
Linking CXX executable cmTC_86804
/usr/bin/cmake -E cmake_link_script CMakeFiles/cmTC_86804.dir/link.txt --verbose=1
/usr/bin/c++   -pthread -maes -march=native -fno-strict-aliasing -D_fstack_clash_protection_cxx    -rdynamic CMakeFiles/cmTC_86804.dir/src.cxx.o  -o cmTC_86804 
make[2]: Leaving directory '/mnt/d/ubuntu/5/sumokoin/build/release/CMakeFiles/CMakeTmp'
make[1]: Leaving directory '/mnt/d/ubuntu/5/sumokoin/build/release/CMakeFiles/CMakeTmp'


Source file was:
int main() { return 0; }
Determining if the -pie linker flag is supported passed with the following output:
Change Dir: /mnt/d/ubuntu/5/sumokoin/build/release/CMakeFiles/CMakeTmp

Run Build Command(s):/usr/bin/make cmTC_7007a/fast && make[1]: Entering directory '/mnt/d/ubuntu/5/sumokoin/build/release/CMakeFiles/CMakeTmp'
/usr/bin/make -f CMakeFiles/cmTC_7007a.dir/build.make CMakeFiles/cmTC_7007a.dir/build
make[2]: Entering directory '/mnt/d/ubuntu/5/sumokoin/build/release/CMakeFiles/CMakeTmp'
Building C object CMakeFiles/cmTC_7007a.dir/CheckLinkerFlag.c.o
/usr/bin/cc   -pie    -pie -o CMakeFiles/cmTC_7007a.dir/CheckLinkerFlag.c.o   -c /mnt/d/ubuntu/5/sumokoin/cmake/CheckLinkerFlag.c
Linking C executable cmTC_7007a
/usr/bin/cmake -E cmake_link_script CMakeFiles/cmTC_7007a.dir/link.txt --verbose=1
/usr/bin/cc -pie     -rdynamic CMakeFiles/cmTC_7007a.dir/CheckLinkerFlag.c.o  -o cmTC_7007a 
make[2]: Leaving directory '/mnt/d/ubuntu/5/sumokoin/build/release/CMakeFiles/CMakeTmp'
make[1]: Leaving directory '/mnt/d/ubuntu/5/sumokoin/build/release/CMakeFiles/CMakeTmp'



Determining if the -Wl,-z,relro linker flag is supported passed with the following output:
Change Dir: /mnt/d/ubuntu/5/sumokoin/build/release/CMakeFiles/CMakeTmp

Run Build Command(s):/usr/bin/make cmTC_f517d/fast && make[1]: Entering directory '/mnt/d/ubuntu/5/sumokoin/build/release/CMakeFiles/CMakeTmp'
/usr/bin/make -f CMakeFiles/cmTC_f517d.dir/build.make CMakeFiles/cmTC_f517d.dir/build
make[2]: Entering directory '/mnt/d/ubuntu/5/sumokoin/build/release/CMakeFiles/CMakeTmp'
Building C object CMakeFiles/cmTC_f517d.dir/CheckLinkerFlag.c.o
/usr/bin/cc   -Wl,-z,relro    -Wl,-z,relro -o CMakeFiles/cmTC_f517d.dir/CheckLinkerFlag.c.o   -c /mnt/d/ubuntu/5/sumokoin/cmake/CheckLinkerFlag.c
Linking C executable cmTC_f517d
/usr/bin/cmake -E cmake_link_script CMakeFiles/cmTC_f517d.dir/link.txt --verbose=1
/usr/bin/cc -Wl,-z,relro     -rdynamic CMakeFiles/cmTC_f517d.dir/CheckLinkerFlag.c.o  -o cmTC_f517d 
make[2]: Leaving directory '/mnt/d/ubuntu/5/sumokoin/build/release/CMakeFiles/CMakeTmp'
make[1]: Leaving directory '/mnt/d/ubuntu/5/sumokoin/build/release/CMakeFiles/CMakeTmp'



Determining if the -Wl,-z,now linker flag is supported passed with the following output:
Change Dir: /mnt/d/ubuntu/5/sumokoin/build/release/CMakeFiles/CMakeTmp

Run Build Command(s):/usr/bin/make cmTC_49d05/fast && make[1]: Entering directory '/mnt/d/ubuntu/5/sumokoin/build/release/CMakeFiles/CMakeTmp'
/usr/bin/make -f CMakeFiles/cmTC_49d05.dir/build.make CMakeFiles/cmTC_49d05.dir/build
make[2]: Entering directory '/mnt/d/ubuntu/5/sumokoin/build/release/CMakeFiles/CMakeTmp'
Building C object CMakeFiles/cmTC_49d05.dir/CheckLinkerFlag.c.o
/usr/bin/cc   -Wl,-z,now    -Wl,-z,now -o CMakeFiles/cmTC_49d05.dir/CheckLinkerFlag.c.o   -c /mnt/d/ubuntu/5/sumokoin/cmake/CheckLinkerFlag.c
Linking C executable cmTC_49d05
/usr/bin/cmake -E cmake_link_script CMakeFiles/cmTC_49d05.dir/link.txt --verbose=1
/usr/bin/cc -Wl,-z,now     -rdynamic CMakeFiles/cmTC_49d05.dir/CheckLinkerFlag.c.o  -o cmTC_49d05 
make[2]: Leaving directory '/mnt/d/ubuntu/5/sumokoin/build/release/CMakeFiles/CMakeTmp'
make[1]: Leaving directory '/mnt/d/ubuntu/5/sumokoin/build/release/CMakeFiles/CMakeTmp'



Determining if the -Wl,-z,noexecstack linker flag is supported passed with the following output:
Change Dir: /mnt/d/ubuntu/5/sumokoin/build/release/CMakeFiles/CMakeTmp

Run Build Command(s):/usr/bin/make cmTC_2fba1/fast && make[1]: Entering directory '/mnt/d/ubuntu/5/sumokoin/build/release/CMakeFiles/CMakeTmp'
/usr/bin/make -f CMakeFiles/cmTC_2fba1.dir/build.make CMakeFiles/cmTC_2fba1.dir/build
make[2]: Entering directory '/mnt/d/ubuntu/5/sumokoin/build/release/CMakeFiles/CMakeTmp'
Building C object CMakeFiles/cmTC_2fba1.dir/CheckLinkerFlag.c.o
/usr/bin/cc   -Wl,-z,noexecstack    -Wl,-z,noexecstack -o CMakeFiles/cmTC_2fba1.dir/CheckLinkerFlag.c.o   -c /mnt/d/ubuntu/5/sumokoin/cmake/CheckLinkerFlag.c
Linking C executable cmTC_2fba1
/usr/bin/cmake -E cmake_link_script CMakeFiles/cmTC_2fba1.dir/link.txt --verbose=1
/usr/bin/cc -Wl,-z,noexecstack     -rdynamic CMakeFiles/cmTC_2fba1.dir/CheckLinkerFlag.c.o  -o cmTC_2fba1 
make[2]: Leaving directory '/mnt/d/ubuntu/5/sumokoin/build/release/CMakeFiles/CMakeTmp'
make[1]: Leaving directory '/mnt/d/ubuntu/5/sumokoin/build/release/CMakeFiles/CMakeTmp'



Determining if the function rl_copy_text exists passed with the following output:
Change Dir: /mnt/d/ubuntu/5/sumokoin/build/release/CMakeFiles/CMakeTmp

Run Build Command(s):/usr/bin/make cmTC_3a9e4/fast && make[1]: Entering directory '/mnt/d/ubuntu/5/sumokoin/build/release/CMakeFiles/CMakeTmp'
/usr/bin/make -f CMakeFiles/cmTC_3a9e4.dir/build.make CMakeFiles/cmTC_3a9e4.dir/build
make[2]: Entering directory '/mnt/d/ubuntu/5/sumokoin/build/release/CMakeFiles/CMakeTmp'
Building C object CMakeFiles/cmTC_3a9e4.dir/CheckFunctionExists.c.o
/usr/bin/cc   -pthread -maes -march=native -fno-strict-aliasing -std=c11 -D_GNU_SOURCE   -Wall -Wextra -Wpointer-arith -Wundef -Wvla -Wwrite-strings -Wno-error=extra -Wno-error=deprecated-declarations -Wno-unused-but-set-variable -Wno-unused-parameter -Wno-unused-variable -Wno-error=unused-variable -Wno-error=undef -Wno-error=uninitialized -Wlogical-op -Wno-error=maybe-uninitialized -Wno-error=cpp -Waggregate-return -Wnested-externs -Wold-style-definition -Wstrict-prototypes  -fPIC  -U_FORTIFY_SOURCE -D_FORTIFY_SOURCE=1 -Wformat -Wformat-security -fstack-protector -fstack-protector-strong -fcf-protection=full -fstack-clash-protection  -ffunction-sections -fdata-sections -Wl,--gc-sections -fno-strict-aliasing -DCHECK_FUNCTION_EXISTS=rl_copy_text   -o CMakeFiles/cmTC_3a9e4.dir/CheckFunctionExists.c.o   -c /usr/share/cmake-3.16/Modules/CheckFunctionExists.c
Linking C executable cmTC_3a9e4
/usr/bin/cmake -E cmake_link_script CMakeFiles/cmTC_3a9e4.dir/link.txt --verbose=1
/usr/bin/cc  -pthread -maes -march=native -fno-strict-aliasing -std=c11 -D_GNU_SOURCE   -Wall -Wextra -Wpointer-arith -Wundef -Wvla -Wwrite-strings -Wno-error=extra -Wno-error=deprecated-declarations -Wno-unused-but-set-variable -Wno-unused-parameter -Wno-unused-variable -Wno-error=unused-variable -Wno-error=undef -Wno-error=uninitialized -Wlogical-op -Wno-error=maybe-uninitialized -Wno-error=cpp -Waggregate-return -Wnested-externs -Wold-style-definition -Wstrict-prototypes  -fPIC  -U_FORTIFY_SOURCE -D_FORTIFY_SOURCE=1 -Wformat -Wformat-security -fstack-protector -fstack-protector-strong -fcf-protection=full -fstack-clash-protection  -ffunction-sections -fdata-sections -Wl,--gc-sections -fno-strict-aliasing -DCHECK_FUNCTION_EXISTS=rl_copy_text    -rdynamic CMakeFiles/cmTC_3a9e4.dir/CheckFunctionExists.c.o  -o cmTC_3a9e4  /usr/lib/x86_64-linux-gnu/libreadline.so 
make[2]: Leaving directory '/mnt/d/ubuntu/5/sumokoin/build/release/CMakeFiles/CMakeTmp'
make[1]: Leaving directory '/mnt/d/ubuntu/5/sumokoin/build/release/CMakeFiles/CMakeTmp'



Determining if the function rl_filename_completion_function exists passed with the following output:
Change Dir: /mnt/d/ubuntu/5/sumokoin/build/release/CMakeFiles/CMakeTmp

Run Build Command(s):/usr/bin/make cmTC_891d9/fast && make[1]: Entering directory '/mnt/d/ubuntu/5/sumokoin/build/release/CMakeFiles/CMakeTmp'
/usr/bin/make -f CMakeFiles/cmTC_891d9.dir/build.make CMakeFiles/cmTC_891d9.dir/build
make[2]: Entering directory '/mnt/d/ubuntu/5/sumokoin/build/release/CMakeFiles/CMakeTmp'
Building C object CMakeFiles/cmTC_891d9.dir/CheckFunctionExists.c.o
/usr/bin/cc   -pthread -maes -march=native -fno-strict-aliasing -std=c11 -D_GNU_SOURCE   -Wall -Wextra -Wpointer-arith -Wundef -Wvla -Wwrite-strings -Wno-error=extra -Wno-error=deprecated-declarations -Wno-unused-but-set-variable -Wno-unused-parameter -Wno-unused-variable -Wno-error=unused-variable -Wno-error=undef -Wno-error=uninitialized -Wlogical-op -Wno-error=maybe-uninitialized -Wno-error=cpp -Waggregate-return -Wnested-externs -Wold-style-definition -Wstrict-prototypes  -fPIC  -U_FORTIFY_SOURCE -D_FORTIFY_SOURCE=1 -Wformat -Wformat-security -fstack-protector -fstack-protector-strong -fcf-protection=full -fstack-clash-protection  -ffunction-sections -fdata-sections -Wl,--gc-sections -fno-strict-aliasing -DCHECK_FUNCTION_EXISTS=rl_filename_completion_function   -o CMakeFiles/cmTC_891d9.dir/CheckFunctionExists.c.o   -c /usr/share/cmake-3.16/Modules/CheckFunctionExists.c
Linking C executable cmTC_891d9
/usr/bin/cmake -E cmake_link_script CMakeFiles/cmTC_891d9.dir/link.txt --verbose=1
/usr/bin/cc  -pthread -maes -march=native -fno-strict-aliasing -std=c11 -D_GNU_SOURCE   -Wall -Wextra -Wpointer-arith -Wundef -Wvla -Wwrite-strings -Wno-error=extra -Wno-error=deprecated-declarations -Wno-unused-but-set-variable -Wno-unused-parameter -Wno-unused-variable -Wno-error=unused-variable -Wno-error=undef -Wno-error=uninitialized -Wlogical-op -Wno-error=maybe-uninitialized -Wno-error=cpp -Waggregate-return -Wnested-externs -Wold-style-definition -Wstrict-prototypes  -fPIC  -U_FORTIFY_SOURCE -D_FORTIFY_SOURCE=1 -Wformat -Wformat-security -fstack-protector -fstack-protector-strong -fcf-protection=full -fstack-clash-protection  -ffunction-sections -fdata-sections -Wl,--gc-sections -fno-strict-aliasing -DCHECK_FUNCTION_EXISTS=rl_filename_completion_function    -rdynamic CMakeFiles/cmTC_891d9.dir/CheckFunctionExists.c.o  -o cmTC_891d9  /usr/lib/x86_64-linux-gnu/libreadline.so 
make[2]: Leaving directory '/mnt/d/ubuntu/5/sumokoin/build/release/CMakeFiles/CMakeTmp'
make[1]: Leaving directory '/mnt/d/ubuntu/5/sumokoin/build/release/CMakeFiles/CMakeTmp'



Looking for a ASM-ATT compiler passed with the following output:
-- The ASM-ATT compiler identification is GNU
-- Found assembler: /usr/bin/as
-- Configuring done
-- Generating done
-- Build files have been written to: /mnt/d/ubuntu/5/sumokoin/build/release/src/crypto/wallet/CMakeFiles/CheckASM-ATT

Performing C SOURCE FILE Test HAVE_C11 succeeded with the following output:
Change Dir: /mnt/d/ubuntu/5/sumokoin/build/release/CMakeFiles/CMakeTmp

Run Build Command(s):/usr/bin/make cmTC_3900b/fast && make[1]: Entering directory '/mnt/d/ubuntu/5/sumokoin/build/release/CMakeFiles/CMakeTmp'
/usr/bin/make -f CMakeFiles/cmTC_3900b.dir/build.make CMakeFiles/cmTC_3900b.dir/build
make[2]: Entering directory '/mnt/d/ubuntu/5/sumokoin/build/release/CMakeFiles/CMakeTmp'
Building C object CMakeFiles/cmTC_3900b.dir/src.c.o
/usr/bin/cc   -pthread -maes -march=native -fno-strict-aliasing -std=c11 -D_GNU_SOURCE   -Wall -Wextra -Wpointer-arith -Wundef -Wvla -Wwrite-strings -Wno-error=extra -Wno-error=deprecated-declarations -Wno-unused-but-set-variable -Wno-unused-parameter -Wno-unused-variable -Wno-error=unused-variable -Wno-error=undef -Wno-error=uninitialized -Wlogical-op -Wno-error=maybe-uninitialized -Wno-error=cpp -Waggregate-return -Wnested-externs -Wold-style-definition -Wstrict-prototypes  -fPIC  -U_FORTIFY_SOURCE -D_FORTIFY_SOURCE=1 -Wformat -Wformat-security -fstack-protector -fstack-protector-strong -fcf-protection=full -fstack-clash-protection  -ffunction-sections -fdata-sections -Wl,--gc-sections -fno-strict-aliasing -DHAVE_C11   -std=c11 -o CMakeFiles/cmTC_3900b.dir/src.c.o   -c /mnt/d/ubuntu/5/sumokoin/build/release/CMakeFiles/CMakeTmp/src.c
Linking C executable cmTC_3900b
/usr/bin/cmake -E cmake_link_script CMakeFiles/cmTC_3900b.dir/link.txt --verbose=1
/usr/bin/cc  -pthread -maes -march=native -fno-strict-aliasing -std=c11 -D_GNU_SOURCE   -Wall -Wextra -Wpointer-arith -Wundef -Wvla -Wwrite-strings -Wno-error=extra -Wno-error=deprecated-declarations -Wno-unused-but-set-variable -Wno-unused-parameter -Wno-unused-variable -Wno-error=unused-variable -Wno-error=undef -Wno-error=uninitialized -Wlogical-op -Wno-error=maybe-uninitialized -Wno-error=cpp -Waggregate-return -Wnested-externs -Wold-style-definition -Wstrict-prototypes  -fPIC  -U_FORTIFY_SOURCE -D_FORTIFY_SOURCE=1 -Wformat -Wformat-security -fstack-protector -fstack-protector-strong -fcf-protection=full -fstack-clash-protection  -ffunction-sections -fdata-sections -Wl,--gc-sections -fno-strict-aliasing -DHAVE_C11    -rdynamic CMakeFiles/cmTC_3900b.dir/src.c.o  -o cmTC_3900b  /usr/lib/x86_64-linux-gnu/libreadline.so 
make[2]: Leaving directory '/mnt/d/ubuntu/5/sumokoin/build/release/CMakeFiles/CMakeTmp'
make[1]: Leaving directory '/mnt/d/ubuntu/5/sumokoin/build/release/CMakeFiles/CMakeTmp'


Source file was:
int main(void) { return 0; }
