Performing C SOURCE FILE Test CMAKE_HAVE_LIBC_PTHREAD failed with the following output:
Change Dir: /mnt/d/ubuntu/5/sumokoin/build/release/CMakeFiles/CMakeTmp

Run Build Command(s):/usr/bin/make cmTC_457da/fast && make[1]: Entering directory '/mnt/d/ubuntu/5/sumokoin/build/release/CMakeFiles/CMakeTmp'
/usr/bin/make -f CMakeFiles/cmTC_457da.dir/build.make CMakeFiles/cmTC_457da.dir/build
make[2]: Entering directory '/mnt/d/ubuntu/5/sumokoin/build/release/CMakeFiles/CMakeTmp'
Building C object CMakeFiles/cmTC_457da.dir/src.c.o
/usr/bin/cc   -DCMAKE_HAVE_LIBC_PTHREAD   -o CMakeFiles/cmTC_457da.dir/src.c.o   -c /mnt/d/ubuntu/5/sumokoin/build/release/CMakeFiles/CMakeTmp/src.c
Linking C executable cmTC_457da
/usr/bin/cmake -E cmake_link_script CMakeFiles/cmTC_457da.dir/link.txt --verbose=1
/usr/bin/cc  -DCMAKE_HAVE_LIBC_PTHREAD    -rdynamic CMakeFiles/cmTC_457da.dir/src.c.o  -o cmTC_457da 
/usr/bin/ld: CMakeFiles/cmTC_457da.dir/src.c.o: in function `main':
src.c:(.text+0x46): undefined reference to `pthread_create'
/usr/bin/ld: src.c:(.text+0x52): undefined reference to `pthread_detach'
/usr/bin/ld: src.c:(.text+0x63): undefined reference to `pthread_join'
collect2: error: ld returned 1 exit status
make[2]: *** [CMakeFiles/cmTC_457da.dir/build.make:87: cmTC_457da] Error 1
make[2]: Leaving directory '/mnt/d/ubuntu/5/sumokoin/build/release/CMakeFiles/CMakeTmp'
make[1]: *** [Makefile:121: cmTC_457da/fast] Error 2
make[1]: Leaving directory '/mnt/d/ubuntu/5/sumokoin/build/release/CMakeFiles/CMakeTmp'


Source file was:
#include <pthread.h>

void* test_func(void* data)
{
  return data;
}

int main(void)
{
  pthread_t thread;
  pthread_create(&thread, NULL, test_func, NULL);
  pthread_detach(thread);
  pthread_join(thread, NULL);
  pthread_atfork(NULL, NULL, NULL);
  pthread_exit(NULL);

  return 0;
}

Determining if the function memset_s exists in the c failed with the following output:
Change Dir: /mnt/d/ubuntu/5/sumokoin/build/release/CMakeFiles/CMakeTmp

Run Build Command(s):/usr/bin/make cmTC_8bc42/fast && make[1]: Entering directory '/mnt/d/ubuntu/5/sumokoin/build/release/CMakeFiles/CMakeTmp'
/usr/bin/make -f CMakeFiles/cmTC_8bc42.dir/build.make CMakeFiles/cmTC_8bc42.dir/build
make[2]: Entering directory '/mnt/d/ubuntu/5/sumokoin/build/release/CMakeFiles/CMakeTmp'
Building C object CMakeFiles/cmTC_8bc42.dir/CheckFunctionExists.c.o
/usr/bin/cc   -pthread -DCHECK_FUNCTION_EXISTS=memset_s   -o CMakeFiles/cmTC_8bc42.dir/CheckFunctionExists.c.o   -c /usr/share/cmake-3.16/Modules/CheckFunctionExists.c
Linking C executable cmTC_8bc42
/usr/bin/cmake -E cmake_link_script CMakeFiles/cmTC_8bc42.dir/link.txt --verbose=1
/usr/bin/cc  -pthread -DCHECK_FUNCTION_EXISTS=memset_s    -rdynamic CMakeFiles/cmTC_8bc42.dir/CheckFunctionExists.c.o  -o cmTC_8bc42   -L/mnt/d/ubuntu/5/sumokoin/build/release/CMakeFiles/CMakeTmp/string.h  -Wl,-rpath,/mnt/d/ubuntu/5/sumokoin/build/release/CMakeFiles/CMakeTmp/string.h -lc 
/usr/bin/ld: CMakeFiles/cmTC_8bc42.dir/CheckFunctionExists.c.o: in function `main':
CheckFunctionExists.c:(.text+0x14): undefined reference to `memset_s'
collect2: error: ld returned 1 exit status
make[2]: *** [CMakeFiles/cmTC_8bc42.dir/build.make:87: cmTC_8bc42] Error 1
make[2]: Leaving directory '/mnt/d/ubuntu/5/sumokoin/build/release/CMakeFiles/CMakeTmp'
make[1]: *** [Makefile:121: cmTC_8bc42/fast] Error 2
make[1]: Leaving directory '/mnt/d/ubuntu/5/sumokoin/build/release/CMakeFiles/CMakeTmp'



Determining if the -Wl,-z,noexecheap linker flag is supported failed with the following output:
Change Dir: /mnt/d/ubuntu/5/sumokoin/build/release/CMakeFiles/CMakeTmp

Run Build Command(s):/usr/bin/make cmTC_f37de/fast && make[1]: Entering directory '/mnt/d/ubuntu/5/sumokoin/build/release/CMakeFiles/CMakeTmp'
/usr/bin/make -f CMakeFiles/cmTC_f37de.dir/build.make CMakeFiles/cmTC_f37de.dir/build
make[2]: Entering directory '/mnt/d/ubuntu/5/sumokoin/build/release/CMakeFiles/CMakeTmp'
Building C object CMakeFiles/cmTC_f37de.dir/CheckLinkerFlag.c.o
/usr/bin/cc   -Wl,-z,noexecheap    -Wl,-z,noexecheap -o CMakeFiles/cmTC_f37de.dir/CheckLinkerFlag.c.o   -c /mnt/d/ubuntu/5/sumokoin/cmake/CheckLinkerFlag.c
Linking C executable cmTC_f37de
/usr/bin/cmake -E cmake_link_script CMakeFiles/cmTC_f37de.dir/link.txt --verbose=1
/usr/bin/cc -Wl,-z,noexecheap     -rdynamic CMakeFiles/cmTC_f37de.dir/CheckLinkerFlag.c.o  -o cmTC_f37de 
/usr/bin/ld: warning: -z noexecheap ignored
make[2]: Leaving directory '/mnt/d/ubuntu/5/sumokoin/build/release/CMakeFiles/CMakeTmp'
make[1]: Leaving directory '/mnt/d/ubuntu/5/sumokoin/build/release/CMakeFiles/CMakeTmp'



